<?xml version="1.0" encoding="UTF-8"?>
<testng-results ignored="0" total="1" passed="1" failed="0" skipped="0">
  <reporter-output>
  </reporter-output>
  <suite started-at="2023-01-29T02:25:56 WIB" name="Default suite" finished-at="2023-01-29T02:26:11 WIB" duration-ms="14674">
    <groups>
    </groups>
    <test started-at="2023-01-29T02:25:56 WIB" name="Default test" finished-at="2023-01-29T02:26:11 WIB" duration-ms="14674">
      <class name="qaautomation.saucedemo.WebTest">
        <test-method is-config="true" signature="setUp()[pri:0, instance:qaautomation.saucedemo.WebTest@35645047]" started-at="2023-01-29T02:25:56 WIB" name="setUp" finished-at="2023-01-29T02:26:05 WIB" duration-ms="8474" status="PASS">
          <reporter-output>
          </reporter-output>
        </test-method> <!-- setUp -->
        <test-method signature="testSuccessTransaction()[pri:0, instance:qaautomation.saucedemo.WebTest@35645047]" started-at="2023-01-29T02:26:05 WIB" name="testSuccessTransaction" finished-at="2023-01-29T02:26:11 WIB" duration-ms="5870" status="PASS">
          <reporter-output>
          </reporter-output>
        </test-method> <!-- testSuccessTransaction -->
        <test-method is-config="true" signature="tearDown()[pri:0, instance:qaautomation.saucedemo.WebTest@35645047]" started-at="2023-01-29T02:26:11 WIB" name="tearDown" finished-at="2023-01-29T02:26:11 WIB" duration-ms="92" status="PASS">
          <reporter-output>
          </reporter-output>
        </test-method> <!-- tearDown -->
      </class> <!-- qaautomation.saucedemo.WebTest -->
    </test> <!-- Default test -->
  </suite> <!-- Default suite -->
</testng-results>
