<?xml version="1.0" encoding="UTF-8"?>
<testng-results ignored="0" total="1" passed="0" failed="1" skipped="0">
  <reporter-output>
  </reporter-output>
  <suite started-at="2023-01-30T04:06:22Z" name="Default suite" finished-at="2023-01-30T04:06:31Z" duration-ms="8820">
    <groups>
    </groups>
    <test started-at="2023-01-30T04:06:22Z" name="Default test" finished-at="2023-01-30T04:06:31Z" duration-ms="8820">
      <class name="qaautomation.stagingengineerai.APITest">
        <test-method signature="signupAPI()[pri:0, instance:qaautomation.stagingengineerai.APITest@707ca986]" started-at="2023-01-30T04:06:22Z" name="signupAPI" finished-at="2023-01-30T04:06:31Z" duration-ms="8646" status="FAIL">
          <exception class="java.lang.AssertionError">
            <message>
              <![CDATA[1 expectation failed.
Response body doesn't match expectation.
Expected: The content to match the given JSON schema.
error: object has missing required properties (["address_disabled","authtoken","available_country","available_currency","bant_answers","billing_entity","currency","email","enable_referral_code","enterprise_lead","first_name","id","last_name","message_preferences","nda_signed","organisation","origin","phone_number","pm_dashboard_token","price_multiplier","profile_image","referral_code","region","roles","running_project_count","setting","signup_stage","source","spec_call_nda_signed","sub_region","user_profiles","user_type","utm_campaign","utm_medium","utm_source"])
    level: "error"
    schema: {"loadingURI":"#","pointer":""}
    instance: {"pointer":""}
    domain: "validation"
    keyword: "required"
    required: ["address_disabled","authtoken","available_country","available_currency","bant_answers","billing_entity","currency","email","enable_referral_code","enterprise_lead","first_name","id","last_name","message_preferences","nda_signed","organisation","origin","phone_number","pm_dashboard_token","price_multiplier","profile_image","referral_code","region","roles","running_project_count","setting","signup_stage","source","spec_call_nda_signed","sub_region","user_profiles","user_type","utm_campaign","utm_medium","utm_source"]
    missing: ["address_disabled","authtoken","available_country","available_currency","bant_answers","billing_entity","currency","email","enable_referral_code","enterprise_lead","first_name","id","last_name","message_preferences","nda_signed","organisation","origin","phone_number","pm_dashboard_token","price_multiplier","profile_image","referral_code","region","roles","running_project_count","setting","signup_stage","source","spec_call_nda_signed","sub_region","user_profiles","user_type","utm_campaign","utm_medium","utm_source"]

  Actual: {"user":{"id":139658,"first_name":"Fatima","last_name":"Metz","email":"todd.dibbert@gmail.com","nda_signed":false,"source":"studio","phone_number":"+62-81288899305","signup_stage":null,"utm_source":null,"utm_campaign":null,"utm_medium":null,"pm_dashboard_token":null,"user_type":"User","origin":"staging","address_disabled":false,"organisation":null,"billing_entity":null,"bant_answers":null,"spec_call_nda_signed":null,"enterprise_lead":null,"profile_image":null,"referral_code":"C40d43a","price_multiplier":1.0,"enable_referral_code":false,"region":null,"sub_region":null,"message_preferences":null,"user_profiles":[],"authtoken":"z5WmT-djsyzLF8bzKDA-","currency":{"data":{"id":"2","type":"currency","attributes":{"id":2,"name":"US Dollars","code":"USD","exchange_rate":1.0,"multiplier":1.0,"symbol":"$","country_code":"US","default_store_promo_code":"","specing_price":250.0,"icon_image_file_url":"https://bstudio-staging.azureedge.net/alpha-stg-assets/uploads/image/file/591a9aa814c49f7f467463f7/Dollar.svg","instant_spec_price":250.0,"tax":0,"custom_prototype_price":1999.0,"post_upfront_price":500.0,"tax_type":null}}},"roles":"","running_project_count":0,"available_currency":["USD"],"available_country":[{"code":"AF","name":"Afghanistan"},{"code":"AX","name":"Aland Islands"},{"code":"AL","name":"Albania"},{"code":"DZ","name":"Algeria"},{"code":"AS","name":"American Samoa"},{"code":"AD","name":"Andorra"},{"code":"AO","name":"Angola"},{"code":"AI","name":"Anguilla"},{"code":"AQ","name":"Antarctica"},{"code":"AG","name":"Antigua and Barbuda"},{"code":"AR","name":"Argentina"},{"code":"AM","name":"Armenia"},{"code":"AW","name":"Aruba"},{"code":"AU","name":"Australia"},{"code":"AT","name":"Austria"},{"code":"AZ","name":"Azerbaijan"},{"code":"BS","name":"Bahamas"},{"code":"BH","name":"Bahrain"},{"code":"BD","name":"Bangladesh"},{"code":"BB","name":"Barbados"},{"code":"BY","name":"Belarus"},{"code":"BE","name":"Belgium"},{"code":"BZ","name":"Belize"},{"code":"BJ","name":"Benin"},{"code":"BM","name":"Bermuda"},{"code":"BT","name":"Bhutan"},{"code":"BO","name":"Bolivia"},{"code":"Sint Eustatius and Saba","name":"Bonaire"},{"code":"BA","name":"Bosnia and Herzegovina"},{"code":"BW","name":"Botswana"},{"code":"BV","name":"Bouvet Island"},{"code":"BR","name":"Brazil"},{"code":"IO","name":"British Indian Ocean Territory"},{"code":"BN","name":"Brunei Darussalam"},{"code":"BG","name":"Bulgaria"},{"code":"BF","name":"Burkina Faso"},{"code":"BI","name":"Burundi"},{"code":"KH","name":"Cambodia"},{"code":"CM","name":"Cameroon"},{"code":"CV","name":"Cape Verde"},{"code":"KY","name":"Cayman Islands"},{"code":"CF","name":"Central African Republic (CAR)"},{"code":"TD","name":"Chad"},{"code":"CL","name":"Chile"},{"code":"CN","name":"China"},{"code":"CX","name":"Christmas Island"},{"code":"CC","name":"Cocos (Keeling) Islands"},{"code":"CO","name":"Colombia"},{"code":"KM","name":"Comoros"},{"code":"CD","name":"Congo, Democratic Republic of the"},{"code":"CG","name":"Congo, Republic of the"},{"code":"CK","name":"Cook Islands"},{"code":"CR","name":"Costa Rica"},{"code":"CI","name":"Cote d'Ivoire"},{"code":"HR","name":"Croatia"},{"code":"CU","name":"Cuba"},{"code":"CY","name":"Cyprus"},{"code":"CZ","name":"Czech Republic"},{"code":"DK","name":"Denmark"},{"code":"DJ","name":"Djibouti"},{"code":"DM","name":"Dominica"},{"code":"DO","name":"Dominican Republic"},{"code":"EC","name":"Ecuador"},{"code":"EG","name":"Egypt"},{"code":"SV","name":"El Salvador"},{"code":"GQ","name":"Equatorial Guinea"},{"code":"ER","name":"Eritrea"},{"code":"EE","name":"Estonia"},{"code":"SZ","name":"Eswatini"},{"code":"ET","name":"Ethiopia"},{"code":"FK","name":"Falkland Islands (Malvinas)"},{"code":"FO","name":"Faroe Islands"},{"code":"FJ","name":"Fiji"},{"code":"FI","name":"Finland"},{"code":"FR","name":"France"},{"code":"FR","name":"France Metropolitan"},{"code":"GF","name":"French Guiana"},{"code":"PF","name":"French Polynesia"},{"code":"TF","name":"French Southern Territories"},{"code":"GA","name":"Gabon"},{"code":"GM","name":"Gambia"},{"code":"GE","name":"Georgia"},{"code":"DE","name":"Germany"},{"code":"GH","name":"Ghana"},{"code":"GI","name":"Gibraltar"},{"code":"GR","name":"Greece"},{"code":"GL","name":"Greenland"},{"code":"GD","name":"Grenada"},{"code":"GP","name":"Guadeloupe"},{"code":"GU","name":"Guam"},{"code":"GT","name":"Guatemala"},{"code":"GG","name":"Guernsey"},{"code":"GN","name":"Guinea"},{"code":"GW","name":"Guinea-Bissau"},{"code":"GY","name":"Guyana"},{"code":"HT","name":"Haiti"},{"code":"HM","name":"Heard Island and McDonald Islands"},{"code":"VA","name":"Holy See (Vatican City State)"},{"code":"HN","name":"Honduras"},{"code":"HK","name":"Hong Kong"},{"code":"HU","name":"Hungary"},{"code":"IS","name":"Iceland"},{"code":"ID","name":"Indonesia"},{"code":"IR","name":"Iran"},{"code":"IQ","name":"Iraq"},{"code":"IE","name":"Ireland"},{"code":"IM","name":"Isle of Man"},{"code":"IL","name":"Israel"},{"code":"IT","name":"Italy"},{"code":"JM","name":"Jamaica"},{"code":"JP","name":"Japan"},{"code":"JE","name":"Jersey"},{"code":"JO","name":"Jordan"},{"code":"KZ","name":"Kazakhstan"},{"code":"KE","name":"Kenya"},{"code":"KI","name":"Kiribati"},{"code":"KP","name":"Korea, Democratic People's Republic of"},{"code":"KR","name":"Korea, Republic of"},{"code":"KG","name":"Kyrgyzstan"},{"code":"LA","name":"Lao People's Democratic Republic"},{"code":"LV","name":"Latvia"},{"code":"LB","name":"Lebanon"},{"code":"LS","name":"Lesotho"},{"code":"LR","name":"Liberia"},{"code":"LY","name":"Libya"},{"code":"LI","name":"Liechtenstein"},{"code":"LT","name":"Lithuania"},{"code":"LU","name":"Luxembourg"},{"code":"MO","name":"Macau"},{"code":"the Former Yugoslav Republic of","name":"Macedonia"},{"code":"MG","name":"Madagascar"},{"code":"MW","name":"Malawi"},{"code":"MY","name":"Malaysia"},{"code":"MV","name":"Maldives"},{"code":"ML","name":"Mali"},{"code":"MT","name":"Malta"},{"code":"MH","name":"Marshall Islands"},{"code":"MQ","name":"Martinique"},{"code":"MR","name":"Mauritania"},{"code":"MU","name":"Mauritius"},{"code":"YT","name":"Mayotte"},{"code":"MX","name":"Mexico"},{"code":"FM","name":"Micronesia, Federated States of"},{"code":"MD","name":"Moldova, Republic of"},{"code":"MC","name":"Monaco"},{"code":"MN","name":"Mongolia"},{"code":"ME","name":"Montenegro"},{"code":"MS","name":"Montserrat"},{"code":"MA","name":"Morocco"},{"code":"MZ","name":"Mozambique"},{"code":"MM","name":"Myanmar"},{"code":"NA","name":"Namibia"},{"code":"NR","name":"Nauru"},{"code":"NP","name":"Nepal"},{"code":"NL","name":"Netherlands"},{"code":"AN","name":"Netherlands Antilles"},{"code":"NC","name":"New Caledonia"},{"code":"NZ","name":"New Zealand"},{"code":"NI","name":"Nicaragua"},{"code":"NE","name":"Niger"},{"code":"NG","name":"Nigeria"},{"code":"NU","name":"Niue"},{"code":"NF","name":"Norfolk Island"},{"code":"MP","name":"Northern Mariana Islands"},{"code":"NO","name":"Norway"},{"code":"PK","name":"Pakistan"},{"code":"PW","name":"Palau"},{"code":"PS","name":"Palestine"},{"code":"PS","name":"Palestinian Territory"},{"code":"PA","name":"Panama"},{"code":"PG","name":"Papua New Guinea"},{"code":"PY","name":"Paraguay"},{"code":"PE","name":"Peru"},{"code":"PH","name":"Philippines"},{"code":"PN","name":"Pitcairn Islands"},{"code":"PL","name":"Poland"},{"code":"PT","name":"Portugal"},{"code":"PR","name":"Puerto Rico"},{"code":"RE","name":"Reunion"},{"code":"RO","name":"Romania"},{"code":"RU","name":"Russian Federation"},{"code":"RW","name":"Rwanda"},{"code":"BL","name":"Saint Barthelemy"},{"code":"Ascension and Tristan da Cunha","name":"Saint Helena"},{"code":"KN","name":"Saint Kitts and Nevis"},{"code":"LC","name":"Saint Lucia"},{"code":"MF","name":"Saint Martin"},{"code":"PM","name":"Saint Pierre and Miquelon"},{"code":"VC","name":"Saint Vincent and the Grenadines"},{"code":"WS","name":"Samoa"},{"code":"SM","name":"San Marino"},{"code":"ST","name":"Sao Tome and Principe"},{"code":"SN","name":"Senegal"},{"code":"RS","name":"Serbia"},{"code":"SC","name":"Seychelles"},{"code":"SL","name":"Sierra Leone"},{"code":"SG","name":"Singapore"},{"code":"SK","name":"Slovakia"},{"code":"SI","name":"Slovenia"},{"code":"SB","name":"Solomon Islands"},{"code":"SO","name":"Somalia"},{"code":"ZA","name":"South Africa"},{"code":"GS","name":"South Georgia and the South Sandwich Islands"},{"code":"KR","name":"South Korea"},{"code":"SS","name":"South Sudan"},{"code":"ES","name":"Spain"},{"code":"LK","name":"Sri Lanka"},{"code":"SD","name":"Sudan"},{"code":"SR","name":"Suriname"},{"code":"SJ","name":"Svalbard and Jan Mayen"},{"code":"SE","name":"Sweden"},{"code":"CH","name":"Switzerland"},{"code":"SY","name":"Syrian Arab Republic"},{"code":"TW","name":"Taiwan"},{"code":"TJ","name":"Tajikistan"},{"code":"TZ","name":"Tanzania"},{"code":"TH","name":"Thailand"},{"code":"TL","name":"Timor-Leste"},{"code":"TG","name":"Togo"},{"code":"TK","name":"Tokelau"},{"code":"TO","name":"Tonga"},{"code":"TT","name":"Trinidad and Tobago"},{"code":"TN","name":"Tunisia"},{"code":"TR","name":"Turkey"},{"code":"TM","name":"Turkmenistan"},{"code":"TC","name":"Turks and Caicos Islands"},{"code":"TV","name":"Tuvalu"},{"code":"UG","name":"Uganda"},{"code":"UA","name":"Ukraine"},{"code":"AE","name":"United Arab Emirates"},{"code":"UM","name":"United States Minor Outlying Islands"},{"code":"US","name":"United States of America"},{"code":"UY","name":"Uruguay"},{"code":"UZ","name":"Uzbekistan"},{"code":"VU","name":"Vanuatu"},{"code":"VE","name":"Venezuela"},{"code":"VN","name":"Vietnam"},{"code":"VG","name":"Virgin Islands,  British"},{"code":"VI","name":"Virgin Islands,  U.S."},{"code":"WF","name":"Wallis and Futuna"},{"code":"EH","name":"Western Sahara"},{"code":"YE","name":"Yemen"},{"code":"ZM","name":"Zambia"},{"code":"ZW","name":"Zimbabwe"}],"setting":{"avatar_details":{"color_codes":{"background":"#80D8FF","chat_handle":"#40C4FF"},"initials":"FM"}}},"message":"Signed up successfully"}
]]>
            </message>
            <full-stacktrace>
              <![CDATA[java.lang.AssertionError: 1 expectation failed.
Response body doesn't match expectation.
Expected: The content to match the given JSON schema.
error: object has missing required properties (["address_disabled","authtoken","available_country","available_currency","bant_answers","billing_entity","currency","email","enable_referral_code","enterprise_lead","first_name","id","last_name","message_preferences","nda_signed","organisation","origin","phone_number","pm_dashboard_token","price_multiplier","profile_image","referral_code","region","roles","running_project_count","setting","signup_stage","source","spec_call_nda_signed","sub_region","user_profiles","user_type","utm_campaign","utm_medium","utm_source"])
    level: "error"
    schema: {"loadingURI":"#","pointer":""}
    instance: {"pointer":""}
    domain: "validation"
    keyword: "required"
    required: ["address_disabled","authtoken","available_country","available_currency","bant_answers","billing_entity","currency","email","enable_referral_code","enterprise_lead","first_name","id","last_name","message_preferences","nda_signed","organisation","origin","phone_number","pm_dashboard_token","price_multiplier","profile_image","referral_code","region","roles","running_project_count","setting","signup_stage","source","spec_call_nda_signed","sub_region","user_profiles","user_type","utm_campaign","utm_medium","utm_source"]
    missing: ["address_disabled","authtoken","available_country","available_currency","bant_answers","billing_entity","currency","email","enable_referral_code","enterprise_lead","first_name","id","last_name","message_preferences","nda_signed","organisation","origin","phone_number","pm_dashboard_token","price_multiplier","profile_image","referral_code","region","roles","running_project_count","setting","signup_stage","source","spec_call_nda_signed","sub_region","user_profiles","user_type","utm_campaign","utm_medium","utm_source"]

  Actual: {"user":{"id":139658,"first_name":"Fatima","last_name":"Metz","email":"todd.dibbert@gmail.com","nda_signed":false,"source":"studio","phone_number":"+62-81288899305","signup_stage":null,"utm_source":null,"utm_campaign":null,"utm_medium":null,"pm_dashboard_token":null,"user_type":"User","origin":"staging","address_disabled":false,"organisation":null,"billing_entity":null,"bant_answers":null,"spec_call_nda_signed":null,"enterprise_lead":null,"profile_image":null,"referral_code":"C40d43a","price_multiplier":1.0,"enable_referral_code":false,"region":null,"sub_region":null,"message_preferences":null,"user_profiles":[],"authtoken":"z5WmT-djsyzLF8bzKDA-","currency":{"data":{"id":"2","type":"currency","attributes":{"id":2,"name":"US Dollars","code":"USD","exchange_rate":1.0,"multiplier":1.0,"symbol":"$","country_code":"US","default_store_promo_code":"","specing_price":250.0,"icon_image_file_url":"https://bstudio-staging.azureedge.net/alpha-stg-assets/uploads/image/file/591a9aa814c49f7f467463f7/Dollar.svg","instant_spec_price":250.0,"tax":0,"custom_prototype_price":1999.0,"post_upfront_price":500.0,"tax_type":null}}},"roles":"","running_project_count":0,"available_currency":["USD"],"available_country":[{"code":"AF","name":"Afghanistan"},{"code":"AX","name":"Aland Islands"},{"code":"AL","name":"Albania"},{"code":"DZ","name":"Algeria"},{"code":"AS","name":"American Samoa"},{"code":"AD","name":"Andorra"},{"code":"AO","name":"Angola"},{"code":"AI","name":"Anguilla"},{"code":"AQ","name":"Antarctica"},{"code":"AG","name":"Antigua and Barbuda"},{"code":"AR","name":"Argentina"},{"code":"AM","name":"Armenia"},{"code":"AW","name":"Aruba"},{"code":"AU","name":"Australia"},{"code":"AT","name":"Austria"},{"code":"AZ","name":"Azerbaijan"},{"code":"BS","name":"Bahamas"},{"code":"BH","name":"Bahrain"},{"code":"BD","name":"Bangladesh"},{"code":"BB","name":"Barbados"},{"code":"BY","name":"Belarus"},{"code":"BE","name":"Belgium"},{"code":"BZ","name":"Belize"},{"code":"BJ","name":"Benin"},{"code":"BM","name":"Bermuda"},{"code":"BT","name":"Bhutan"},{"code":"BO","name":"Bolivia"},{"code":"Sint Eustatius and Saba","name":"Bonaire"},{"code":"BA","name":"Bosnia and Herzegovina"},{"code":"BW","name":"Botswana"},{"code":"BV","name":"Bouvet Island"},{"code":"BR","name":"Brazil"},{"code":"IO","name":"British Indian Ocean Territory"},{"code":"BN","name":"Brunei Darussalam"},{"code":"BG","name":"Bulgaria"},{"code":"BF","name":"Burkina Faso"},{"code":"BI","name":"Burundi"},{"code":"KH","name":"Cambodia"},{"code":"CM","name":"Cameroon"},{"code":"CV","name":"Cape Verde"},{"code":"KY","name":"Cayman Islands"},{"code":"CF","name":"Central African Republic (CAR)"},{"code":"TD","name":"Chad"},{"code":"CL","name":"Chile"},{"code":"CN","name":"China"},{"code":"CX","name":"Christmas Island"},{"code":"CC","name":"Cocos (Keeling) Islands"},{"code":"CO","name":"Colombia"},{"code":"KM","name":"Comoros"},{"code":"CD","name":"Congo, Democratic Republic of the"},{"code":"CG","name":"Congo, Republic of the"},{"code":"CK","name":"Cook Islands"},{"code":"CR","name":"Costa Rica"},{"code":"CI","name":"Cote d'Ivoire"},{"code":"HR","name":"Croatia"},{"code":"CU","name":"Cuba"},{"code":"CY","name":"Cyprus"},{"code":"CZ","name":"Czech Republic"},{"code":"DK","name":"Denmark"},{"code":"DJ","name":"Djibouti"},{"code":"DM","name":"Dominica"},{"code":"DO","name":"Dominican Republic"},{"code":"EC","name":"Ecuador"},{"code":"EG","name":"Egypt"},{"code":"SV","name":"El Salvador"},{"code":"GQ","name":"Equatorial Guinea"},{"code":"ER","name":"Eritrea"},{"code":"EE","name":"Estonia"},{"code":"SZ","name":"Eswatini"},{"code":"ET","name":"Ethiopia"},{"code":"FK","name":"Falkland Islands (Malvinas)"},{"code":"FO","name":"Faroe Islands"},{"code":"FJ","name":"Fiji"},{"code":"FI","name":"Finland"},{"code":"FR","name":"France"},{"code":"FR","name":"France Metropolitan"},{"code":"GF","name":"French Guiana"},{"code":"PF","name":"French Polynesia"},{"code":"TF","name":"French Southern Territories"},{"code":"GA","name":"Gabon"},{"code":"GM","name":"Gambia"},{"code":"GE","name":"Georgia"},{"code":"DE","name":"Germany"},{"code":"GH","name":"Ghana"},{"code":"GI","name":"Gibraltar"},{"code":"GR","name":"Greece"},{"code":"GL","name":"Greenland"},{"code":"GD","name":"Grenada"},{"code":"GP","name":"Guadeloupe"},{"code":"GU","name":"Guam"},{"code":"GT","name":"Guatemala"},{"code":"GG","name":"Guernsey"},{"code":"GN","name":"Guinea"},{"code":"GW","name":"Guinea-Bissau"},{"code":"GY","name":"Guyana"},{"code":"HT","name":"Haiti"},{"code":"HM","name":"Heard Island and McDonald Islands"},{"code":"VA","name":"Holy See (Vatican City State)"},{"code":"HN","name":"Honduras"},{"code":"HK","name":"Hong Kong"},{"code":"HU","name":"Hungary"},{"code":"IS","name":"Iceland"},{"code":"ID","name":"Indonesia"},{"code":"IR","name":"Iran"},{"code":"IQ","name":"Iraq"},{"code":"IE","name":"Ireland"},{"code":"IM","name":"Isle of Man"},{"code":"IL","name":"Israel"},{"code":"IT","name":"Italy"},{"code":"JM","name":"Jamaica"},{"code":"JP","name":"Japan"},{"code":"JE","name":"Jersey"},{"code":"JO","name":"Jordan"},{"code":"KZ","name":"Kazakhstan"},{"code":"KE","name":"Kenya"},{"code":"KI","name":"Kiribati"},{"code":"KP","name":"Korea, Democratic People's Republic of"},{"code":"KR","name":"Korea, Republic of"},{"code":"KG","name":"Kyrgyzstan"},{"code":"LA","name":"Lao People's Democratic Republic"},{"code":"LV","name":"Latvia"},{"code":"LB","name":"Lebanon"},{"code":"LS","name":"Lesotho"},{"code":"LR","name":"Liberia"},{"code":"LY","name":"Libya"},{"code":"LI","name":"Liechtenstein"},{"code":"LT","name":"Lithuania"},{"code":"LU","name":"Luxembourg"},{"code":"MO","name":"Macau"},{"code":"the Former Yugoslav Republic of","name":"Macedonia"},{"code":"MG","name":"Madagascar"},{"code":"MW","name":"Malawi"},{"code":"MY","name":"Malaysia"},{"code":"MV","name":"Maldives"},{"code":"ML","name":"Mali"},{"code":"MT","name":"Malta"},{"code":"MH","name":"Marshall Islands"},{"code":"MQ","name":"Martinique"},{"code":"MR","name":"Mauritania"},{"code":"MU","name":"Mauritius"},{"code":"YT","name":"Mayotte"},{"code":"MX","name":"Mexico"},{"code":"FM","name":"Micronesia, Federated States of"},{"code":"MD","name":"Moldova, Republic of"},{"code":"MC","name":"Monaco"},{"code":"MN","name":"Mongolia"},{"code":"ME","name":"Montenegro"},{"code":"MS","name":"Montserrat"},{"code":"MA","name":"Morocco"},{"code":"MZ","name":"Mozambique"},{"code":"MM","name":"Myanmar"},{"code":"NA","name":"Namibia"},{"code":"NR","name":"Nauru"},{"code":"NP","name":"Nepal"},{"code":"NL","name":"Netherlands"},{"code":"AN","name":"Netherlands Antilles"},{"code":"NC","name":"New Caledonia"},{"code":"NZ","name":"New Zealand"},{"code":"NI","name":"Nicaragua"},{"code":"NE","name":"Niger"},{"code":"NG","name":"Nigeria"},{"code":"NU","name":"Niue"},{"code":"NF","name":"Norfolk Island"},{"code":"MP","name":"Northern Mariana Islands"},{"code":"NO","name":"Norway"},{"code":"PK","name":"Pakistan"},{"code":"PW","name":"Palau"},{"code":"PS","name":"Palestine"},{"code":"PS","name":"Palestinian Territory"},{"code":"PA","name":"Panama"},{"code":"PG","name":"Papua New Guinea"},{"code":"PY","name":"Paraguay"},{"code":"PE","name":"Peru"},{"code":"PH","name":"Philippines"},{"code":"PN","name":"Pitcairn Islands"},{"code":"PL","name":"Poland"},{"code":"PT","name":"Portugal"},{"code":"PR","name":"Puerto Rico"},{"code":"RE","name":"Reunion"},{"code":"RO","name":"Romania"},{"code":"RU","name":"Russian Federation"},{"code":"RW","name":"Rwanda"},{"code":"BL","name":"Saint Barthelemy"},{"code":"Ascension and Tristan da Cunha","name":"Saint Helena"},{"code":"KN","name":"Saint Kitts and Nevis"},{"code":"LC","name":"Saint Lucia"},{"code":"MF","name":"Saint Martin"},{"code":"PM","name":"Saint Pierre and Miquelon"},{"code":"VC","name":"Saint Vincent and the Grenadines"},{"code":"WS","name":"Samoa"},{"code":"SM","name":"San Marino"},{"code":"ST","name":"Sao Tome and Principe"},{"code":"SN","name":"Senegal"},{"code":"RS","name":"Serbia"},{"code":"SC","name":"Seychelles"},{"code":"SL","name":"Sierra Leone"},{"code":"SG","name":"Singapore"},{"code":"SK","name":"Slovakia"},{"code":"SI","name":"Slovenia"},{"code":"SB","name":"Solomon Islands"},{"code":"SO","name":"Somalia"},{"code":"ZA","name":"South Africa"},{"code":"GS","name":"South Georgia and the South Sandwich Islands"},{"code":"KR","name":"South Korea"},{"code":"SS","name":"South Sudan"},{"code":"ES","name":"Spain"},{"code":"LK","name":"Sri Lanka"},{"code":"SD","name":"Sudan"},{"code":"SR","name":"Suriname"},{"code":"SJ","name":"Svalbard and Jan Mayen"},{"code":"SE","name":"Sweden"},{"code":"CH","name":"Switzerland"},{"code":"SY","name":"Syrian Arab Republic"},{"code":"TW","name":"Taiwan"},{"code":"TJ","name":"Tajikistan"},{"code":"TZ","name":"Tanzania"},{"code":"TH","name":"Thailand"},{"code":"TL","name":"Timor-Leste"},{"code":"TG","name":"Togo"},{"code":"TK","name":"Tokelau"},{"code":"TO","name":"Tonga"},{"code":"TT","name":"Trinidad and Tobago"},{"code":"TN","name":"Tunisia"},{"code":"TR","name":"Turkey"},{"code":"TM","name":"Turkmenistan"},{"code":"TC","name":"Turks and Caicos Islands"},{"code":"TV","name":"Tuvalu"},{"code":"UG","name":"Uganda"},{"code":"UA","name":"Ukraine"},{"code":"AE","name":"United Arab Emirates"},{"code":"UM","name":"United States Minor Outlying Islands"},{"code":"US","name":"United States of America"},{"code":"UY","name":"Uruguay"},{"code":"UZ","name":"Uzbekistan"},{"code":"VU","name":"Vanuatu"},{"code":"VE","name":"Venezuela"},{"code":"VN","name":"Vietnam"},{"code":"VG","name":"Virgin Islands,  British"},{"code":"VI","name":"Virgin Islands,  U.S."},{"code":"WF","name":"Wallis and Futuna"},{"code":"EH","name":"Western Sahara"},{"code":"YE","name":"Yemen"},{"code":"ZM","name":"Zambia"},{"code":"ZW","name":"Zimbabwe"}],"setting":{"avatar_details":{"color_codes":{"background":"#80D8FF","chat_handle":"#40C4FF"},"initials":"FM"}}},"message":"Signed up successfully"}

at java.base/jdk.internal.reflect.NativeConstructorAccessorImpl.newInstance0(Native Method)
at java.base/jdk.internal.reflect.NativeConstructorAccessorImpl.newInstance(NativeConstructorAccessorImpl.java:77)
at java.base/jdk.internal.reflect.DelegatingConstructorAccessorImpl.newInstance(DelegatingConstructorAccessorImpl.java:45)
at java.base/java.lang.reflect.Constructor.newInstanceWithCaller(Constructor.java:499)
at java.base/java.lang.reflect.Constructor.newInstance(Constructor.java:480)
at org.codehaus.groovy.reflection.CachedConstructor.invoke(CachedConstructor.java:72)
at org.codehaus.groovy.runtime.callsite.ConstructorSite$ConstructorSiteNoUnwrapNoCoerce.callConstructor(ConstructorSite.java:105)
at org.codehaus.groovy.runtime.callsite.CallSiteArray.defaultCallConstructor(CallSiteArray.java:59)
at org.codehaus.groovy.runtime.callsite.AbstractCallSite.callConstructor(AbstractCallSite.java:263)
at org.codehaus.groovy.runtime.callsite.AbstractCallSite.callConstructor(AbstractCallSite.java:277)
at io.restassured.internal.ResponseSpecificationImpl$HamcrestAssertionClosure.validate(ResponseSpecificationImpl.groovy:493)
at io.restassured.internal.ResponseSpecificationImpl$HamcrestAssertionClosure$validate$1.call(Unknown Source)
at org.codehaus.groovy.runtime.callsite.CallSiteArray.defaultCall(CallSiteArray.java:47)
at org.codehaus.groovy.runtime.callsite.AbstractCallSite.call(AbstractCallSite.java:125)
at org.codehaus.groovy.runtime.callsite.AbstractCallSite.call(AbstractCallSite.java:139)
at io.restassured.internal.ResponseSpecificationImpl.validateResponseIfRequired(ResponseSpecificationImpl.groovy:674)
at java.base/jdk.internal.reflect.NativeMethodAccessorImpl.invoke0(Native Method)
at java.base/jdk.internal.reflect.NativeMethodAccessorImpl.invoke(NativeMethodAccessorImpl.java:77)
at java.base/jdk.internal.reflect.DelegatingMethodAccessorImpl.invoke(DelegatingMethodAccessorImpl.java:43)
at java.base/java.lang.reflect.Method.invoke(Method.java:568)
at org.codehaus.groovy.runtime.callsite.PlainObjectMetaMethodSite.doInvoke(PlainObjectMetaMethodSite.java:43)
at org.codehaus.groovy.runtime.callsite.PogoMetaMethodSite$PogoCachedMethodSiteNoUnwrapNoCoerce.invoke(PogoMetaMethodSite.java:193)
at org.codehaus.groovy.runtime.callsite.PogoMetaMethodSite.callCurrent(PogoMetaMethodSite.java:61)
at org.codehaus.groovy.runtime.callsite.CallSiteArray.defaultCallCurrent(CallSiteArray.java:51)
at org.codehaus.groovy.runtime.callsite.AbstractCallSite.callCurrent(AbstractCallSite.java:171)
at org.codehaus.groovy.runtime.callsite.AbstractCallSite.callCurrent(AbstractCallSite.java:185)
at io.restassured.internal.ResponseSpecificationImpl.body(ResponseSpecificationImpl.groovy:98)
at io.restassured.internal.ValidatableResponseOptionsImpl.body(ValidatableResponseOptionsImpl.java:238)
at io.restassured.internal.ValidatableResponseImpl.super$2$body(ValidatableResponseImpl.groovy)
at java.base/jdk.internal.reflect.NativeMethodAccessorImpl.invoke0(Native Method)
at java.base/jdk.internal.reflect.NativeMethodAccessorImpl.invoke(NativeMethodAccessorImpl.java:77)
at java.base/jdk.internal.reflect.DelegatingMethodAccessorImpl.invoke(DelegatingMethodAccessorImpl.java:43)
at java.base/java.lang.reflect.Method.invoke(Method.java:568)
at org.codehaus.groovy.reflection.CachedMethod.invoke(CachedMethod.java:107)
at groovy.lang.MetaMethod.doMethodInvoke(MetaMethod.java:323)
at groovy.lang.MetaClassImpl.invokeMethod(MetaClassImpl.java:1268)
at org.codehaus.groovy.runtime.ScriptBytecodeAdapter.invokeMethodOnSuperN(ScriptBytecodeAdapter.java:144)
at io.restassured.internal.ValidatableResponseImpl.body(ValidatableResponseImpl.groovy:293)
at io.restassured.internal.ValidatableResponseImpl.body(ValidatableResponseImpl.groovy)
at qaautomation.stagingengineerai.APITest.signupAPI(APITest.java:38)
at java.base/jdk.internal.reflect.NativeMethodAccessorImpl.invoke0(Native Method)
at java.base/jdk.internal.reflect.NativeMethodAccessorImpl.invoke(NativeMethodAccessorImpl.java:77)
at java.base/jdk.internal.reflect.DelegatingMethodAccessorImpl.invoke(DelegatingMethodAccessorImpl.java:43)
at java.base/java.lang.reflect.Method.invoke(Method.java:568)
at org.testng.internal.MethodInvocationHelper.invokeMethod(MethodInvocationHelper.java:124)
at org.testng.internal.Invoker.invokeMethod(Invoker.java:583)
at org.testng.internal.Invoker.invokeTestMethod(Invoker.java:719)
at org.testng.internal.Invoker.invokeTestMethods(Invoker.java:989)
at org.testng.internal.TestMethodWorker.invokeTestMethods(TestMethodWorker.java:125)
at org.testng.internal.TestMethodWorker.run(TestMethodWorker.java:109)
at org.testng.TestRunner.privateRun(TestRunner.java:648)
at org.testng.TestRunner.run(TestRunner.java:505)
at org.testng.SuiteRunner.runTest(SuiteRunner.java:455)
at org.testng.SuiteRunner.runSequentially(SuiteRunner.java:450)
at org.testng.SuiteRunner.privateRun(SuiteRunner.java:415)
at org.testng.SuiteRunner.run(SuiteRunner.java:364)
at org.testng.SuiteRunnerWorker.runSuite(SuiteRunnerWorker.java:52)
at org.testng.SuiteRunnerWorker.run(SuiteRunnerWorker.java:84)
at org.testng.TestNG.runSuitesSequentially(TestNG.java:1208)
at org.testng.TestNG.runSuitesLocally(TestNG.java:1137)
at org.testng.TestNG.runSuites(TestNG.java:1049)
at org.testng.TestNG.run(TestNG.java:1017)
at org.testng.remote.AbstractRemoteTestNG.run(AbstractRemoteTestNG.java:115)
at org.testng.remote.RemoteTestNG.initAndRun(RemoteTestNG.java:251)
at org.testng.remote.RemoteTestNG.main(RemoteTestNG.java:77)
]]>
            </full-stacktrace>
          </exception> <!-- java.lang.AssertionError -->
          <reporter-output>
          </reporter-output>
        </test-method> <!-- signupAPI -->
      </class> <!-- qaautomation.stagingengineerai.APITest -->
    </test> <!-- Default test -->
  </suite> <!-- Default suite -->
</testng-results>
