<?xml version="1.0" encoding="UTF-8"?>
<testng-results ignored="0" total="1" passed="1" failed="0" skipped="0">
  <reporter-output>
  </reporter-output>
  <suite started-at="2023-01-26T05:14:20Z" name="Default suite" finished-at="2023-01-26T05:15:14Z" duration-ms="54929">
    <groups>
    </groups>
    <test started-at="2023-01-26T05:14:20Z" name="Default test" finished-at="2023-01-26T05:15:14Z" duration-ms="54929">
      <class name="qaautomation.yopmail.WebTest">
        <test-method is-config="true" signature="setUp()[pri:0, instance:qaautomation.yopmail.WebTest@5b40ceb]" started-at="2023-01-26T05:14:20Z" name="setUp" finished-at="2023-01-26T05:15:11Z" duration-ms="51025" status="PASS">
          <reporter-output>
          </reporter-output>
        </test-method> <!-- setUp -->
        <test-method signature="testSuccessGetBodyMail()[pri:0, instance:qaautomation.yopmail.WebTest@5b40ceb]" started-at="2023-01-26T05:15:11Z" name="testSuccessGetBodyMail" finished-at="2023-01-26T05:15:14Z" duration-ms="3332" status="PASS">
          <reporter-output>
          </reporter-output>
        </test-method> <!-- testSuccessGetBodyMail -->
        <test-method is-config="true" signature="tearDown()[pri:0, instance:qaautomation.yopmail.WebTest@5b40ceb]" started-at="2023-01-26T05:15:14Z" name="tearDown" finished-at="2023-01-26T05:15:14Z" duration-ms="167" status="PASS">
          <reporter-output>
          </reporter-output>
        </test-method> <!-- tearDown -->
      </class> <!-- qaautomation.yopmail.WebTest -->
    </test> <!-- Default test -->
  </suite> <!-- Default suite -->
</testng-results>
