<?xml version="1.0" encoding="UTF-8"?>
<!-- Generated by org.testng.reporters.JUnitXMLReporter -->
<testsuite ignored="0" hostname="Hafizhs-MacBook-Air.local" failures="1" tests="1" name="Default test" time="8.82" errors="0" timestamp="30 Jan 2023 04:06:31 GMT">
  <testcase classname="qaautomation.stagingengineerai.APITest" name="signupAPI" time="8.646">
    <failure type="java.lang.AssertionError" message="1 expectation failed.
Response body doesn&amp;apos;t match expectation.
Expected: The content to match the given JSON schema.
error: object has missing required properties ([&amp;quot;address_disabled&amp;quot;,&amp;quot;authtoken&amp;quot;,&amp;quot;available_country&amp;quot;,&amp;quot;available_currency&amp;quot;,&amp;quot;bant_answers&amp;quot;,&amp;quot;billing_entity&amp;quot;,&amp;quot;currency&amp;quot;,&amp;quot;email&amp;quot;,&amp;quot;enable_referral_code&amp;quot;,&amp;quot;enterprise_lead&amp;quot;,&amp;quot;first_name&amp;quot;,&amp;quot;id&amp;quot;,&amp;quot;last_name&amp;quot;,&amp;quot;message_preferences&amp;quot;,&amp;quot;nda_signed&amp;quot;,&amp;quot;organisation&amp;quot;,&amp;quot;origin&amp;quot;,&amp;quot;phone_number&amp;quot;,&amp;quot;pm_dashboard_token&amp;quot;,&amp;quot;price_multiplier&amp;quot;,&amp;quot;profile_image&amp;quot;,&amp;quot;referral_code&amp;quot;,&amp;quot;region&amp;quot;,&amp;quot;roles&amp;quot;,&amp;quot;running_project_count&amp;quot;,&amp;quot;setting&amp;quot;,&amp;quot;signup_stage&amp;quot;,&amp;quot;source&amp;quot;,&amp;quot;spec_call_nda_signed&amp;quot;,&amp;quot;sub_region&amp;quot;,&amp;quot;user_profiles&amp;quot;,&amp;quot;user_type&amp;quot;,&amp;quot;utm_campaign&amp;quot;,&amp;quot;utm_medium&amp;quot;,&amp;quot;utm_source&amp;quot;])
    level: &amp;quot;error&amp;quot;
    schema: {&amp;quot;loadingURI&amp;quot;:&amp;quot;#&amp;quot;,&amp;quot;pointer&amp;quot;:&amp;quot;&amp;quot;}
    instance: {&amp;quot;pointer&amp;quot;:&amp;quot;&amp;quot;}
    domain: &amp;quot;validation&amp;quot;
    keyword: &amp;quot;required&amp;quot;
    required: [&amp;quot;address_disabled&amp;quot;,&amp;quot;authtoken&amp;quot;,&amp;quot;available_country&amp;quot;,&amp;quot;available_currency&amp;quot;,&amp;quot;bant_answers&amp;quot;,&amp;quot;billing_entity&amp;quot;,&amp;quot;currency&amp;quot;,&amp;quot;email&amp;quot;,&amp;quot;enable_referral_code&amp;quot;,&amp;quot;enterprise_lead&amp;quot;,&amp;quot;first_name&amp;quot;,&amp;quot;id&amp;quot;,&amp;quot;last_name&amp;quot;,&amp;quot;message_preferences&amp;quot;,&amp;quot;nda_signed&amp;quot;,&amp;quot;organisation&amp;quot;,&amp;quot;origin&amp;quot;,&amp;quot;phone_number&amp;quot;,&amp;quot;pm_dashboard_token&amp;quot;,&amp;quot;price_multiplier&amp;quot;,&amp;quot;profile_image&amp;quot;,&amp;quot;referral_code&amp;quot;,&amp;quot;region&amp;quot;,&amp;quot;roles&amp;quot;,&amp;quot;running_project_count&amp;quot;,&amp;quot;setting&amp;quot;,&amp;quot;signup_stage&amp;quot;,&amp;quot;source&amp;quot;,&amp;quot;spec_call_nda_signed&amp;quot;,&amp;quot;sub_region&amp;quot;,&amp;quot;user_profiles&amp;quot;,&amp;quot;user_type&amp;quot;,&amp;quot;utm_campaign&amp;quot;,&amp;quot;utm_medium&amp;quot;,&amp;quot;utm_source&amp;quot;]
    missing: [&amp;quot;address_disabled&amp;quot;,&amp;quot;authtoken&amp;quot;,&amp;quot;available_country&amp;quot;,&amp;quot;available_currency&amp;quot;,&amp;quot;bant_answers&amp;quot;,&amp;quot;billing_entity&amp;quot;,&amp;quot;currency&amp;quot;,&amp;quot;email&amp;quot;,&amp;quot;enable_referral_code&amp;quot;,&amp;quot;enterprise_lead&amp;quot;,&amp;quot;first_name&amp;quot;,&amp;quot;id&amp;quot;,&amp;quot;last_name&amp;quot;,&amp;quot;message_preferences&amp;quot;,&amp;quot;nda_signed&amp;quot;,&amp;quot;organisation&amp;quot;,&amp;quot;origin&amp;quot;,&amp;quot;phone_number&amp;quot;,&amp;quot;pm_dashboard_token&amp;quot;,&amp;quot;price_multiplier&amp;quot;,&amp;quot;profile_image&amp;quot;,&amp;quot;referral_code&amp;quot;,&amp;quot;region&amp;quot;,&amp;quot;roles&amp;quot;,&amp;quot;running_project_count&amp;quot;,&amp;quot;setting&amp;quot;,&amp;quot;signup_stage&amp;quot;,&amp;quot;source&amp;quot;,&amp;quot;spec_call_nda_signed&amp;quot;,&amp;quot;sub_region&amp;quot;,&amp;quot;user_profiles&amp;quot;,&amp;quot;user_type&amp;quot;,&amp;quot;utm_campaign&amp;quot;,&amp;quot;utm_medium&amp;quot;,&amp;quot;utm_source&amp;quot;]

  Actual: {&amp;quot;user&amp;quot;:{&amp;quot;id&amp;quot;:139658,&amp;quot;first_name&amp;quot;:&amp;quot;Fatima&amp;quot;,&amp;quot;last_name&amp;quot;:&amp;quot;Metz&amp;quot;,&amp;quot;email&amp;quot;:&amp;quot;todd.dibbert@gmail.com&amp;quot;,&amp;quot;nda_signed&amp;quot;:false,&amp;quot;source&amp;quot;:&amp;quot;studio&amp;quot;,&amp;quot;phone_number&amp;quot;:&amp;quot;+62-81288899305&amp;quot;,&amp;quot;signup_stage&amp;quot;:null,&amp;quot;utm_source&amp;quot;:null,&amp;quot;utm_campaign&amp;quot;:null,&amp;quot;utm_medium&amp;quot;:null,&amp;quot;pm_dashboard_token&amp;quot;:null,&amp;quot;user_type&amp;quot;:&amp;quot;User&amp;quot;,&amp;quot;origin&amp;quot;:&amp;quot;staging&amp;quot;,&amp;quot;address_disabled&amp;quot;:false,&amp;quot;organisation&amp;quot;:null,&amp;quot;billing_entity&amp;quot;:null,&amp;quot;bant_answers&amp;quot;:null,&amp;quot;spec_call_nda_signed&amp;quot;:null,&amp;quot;enterprise_lead&amp;quot;:null,&amp;quot;profile_image&amp;quot;:null,&amp;quot;referral_code&amp;quot;:&amp;quot;C40d43a&amp;quot;,&amp;quot;price_multiplier&amp;quot;:1.0,&amp;quot;enable_referral_code&amp;quot;:false,&amp;quot;region&amp;quot;:null,&amp;quot;sub_region&amp;quot;:null,&amp;quot;message_preferences&amp;quot;:null,&amp;quot;user_profiles&amp;quot;:[],&amp;quot;authtoken&amp;quot;:&amp;quot;z5WmT-djsyzLF8bzKDA-&amp;quot;,&amp;quot;currency&amp;quot;:{&amp;quot;data&amp;quot;:{&amp;quot;id&amp;quot;:&amp;quot;2&amp;quot;,&amp;quot;type&amp;quot;:&amp;quot;currency&amp;quot;,&amp;quot;attributes&amp;quot;:{&amp;quot;id&amp;quot;:2,&amp;quot;name&amp;quot;:&amp;quot;US Dollars&amp;quot;,&amp;quot;code&amp;quot;:&amp;quot;USD&amp;quot;,&amp;quot;exchange_rate&amp;quot;:1.0,&amp;quot;multiplier&amp;quot;:1.0,&amp;quot;symbol&amp;quot;:&amp;quot;$&amp;quot;,&amp;quot;country_code&amp;quot;:&amp;quot;US&amp;quot;,&amp;quot;default_store_promo_code&amp;quot;:&amp;quot;&amp;quot;,&amp;quot;specing_price&amp;quot;:250.0,&amp;quot;icon_image_file_url&amp;quot;:&amp;quot;https://bstudio-staging.azureedge.net/alpha-stg-assets/uploads/image/file/591a9aa814c49f7f467463f7/Dollar.svg&amp;quot;,&amp;quot;instant_spec_price&amp;quot;:250.0,&amp;quot;tax&amp;quot;:0,&amp;quot;custom_prototype_price&amp;quot;:1999.0,&amp;quot;post_upfront_price&amp;quot;:500.0,&amp;quot;tax_type&amp;quot;:null}}},&amp;quot;roles&amp;quot;:&amp;quot;&amp;quot;,&amp;quot;running_project_count&amp;quot;:0,&amp;quot;available_currency&amp;quot;:[&amp;quot;USD&amp;quot;],&amp;quot;available_country&amp;quot;:[{&amp;quot;code&amp;quot;:&amp;quot;AF&amp;quot;,&amp;quot;name&amp;quot;:&amp;quot;Afghanistan&amp;quot;},{&amp;quot;code&amp;quot;:&amp;quot;AX&amp;quot;,&amp;quot;name&amp;quot;:&amp;quot;Aland Islands&amp;quot;},{&amp;quot;code&amp;quot;:&amp;quot;AL&amp;quot;,&amp;quot;name&amp;quot;:&amp;quot;Albania&amp;quot;},{&amp;quot;code&amp;quot;:&amp;quot;DZ&amp;quot;,&amp;quot;name&amp;quot;:&amp;quot;Algeria&amp;quot;},{&amp;quot;code&amp;quot;:&amp;quot;AS&amp;quot;,&amp;quot;name&amp;quot;:&amp;quot;American Samoa&amp;quot;},{&amp;quot;code&amp;quot;:&amp;quot;AD&amp;quot;,&amp;quot;name&amp;quot;:&amp;quot;Andorra&amp;quot;},{&amp;quot;code&amp;quot;:&amp;quot;AO&amp;quot;,&amp;quot;name&amp;quot;:&amp;quot;Angola&amp;quot;},{&amp;quot;code&amp;quot;:&amp;quot;AI&amp;quot;,&amp;quot;name&amp;quot;:&amp;quot;Anguilla&amp;quot;},{&amp;quot;code&amp;quot;:&amp;quot;AQ&amp;quot;,&amp;quot;name&amp;quot;:&amp;quot;Antarctica&amp;quot;},{&amp;quot;code&amp;quot;:&amp;quot;AG&amp;quot;,&amp;quot;name&amp;quot;:&amp;quot;Antigua and Barbuda&amp;quot;},{&amp;quot;code&amp;quot;:&amp;quot;AR&amp;quot;,&amp;quot;name&amp;quot;:&amp;quot;Argentina&amp;quot;},{&amp;quot;code&amp;quot;:&amp;quot;AM&amp;quot;,&amp;quot;name&amp;quot;:&amp;quot;Armenia&amp;quot;},{&amp;quot;code&amp;quot;:&amp;quot;AW&amp;quot;,&amp;quot;name&amp;quot;:&amp;quot;Aruba&amp;quot;},{&amp;quot;code&amp;quot;:&amp;quot;AU&amp;quot;,&amp;quot;name&amp;quot;:&amp;quot;Australia&amp;quot;},{&amp;quot;code&amp;quot;:&amp;quot;AT&amp;quot;,&amp;quot;name&amp;quot;:&amp;quot;Austria&amp;quot;},{&amp;quot;code&amp;quot;:&amp;quot;AZ&amp;quot;,&amp;quot;name&amp;quot;:&amp;quot;Azerbaijan&amp;quot;},{&amp;quot;code&amp;quot;:&amp;quot;BS&amp;quot;,&amp;quot;name&amp;quot;:&amp;quot;Bahamas&amp;quot;},{&amp;quot;code&amp;quot;:&amp;quot;BH&amp;quot;,&amp;quot;name&amp;quot;:&amp;quot;Bahrain&amp;quot;},{&amp;quot;code&amp;quot;:&amp;quot;BD&amp;quot;,&amp;quot;name&amp;quot;:&amp;quot;Bangladesh&amp;quot;},{&amp;quot;code&amp;quot;:&amp;quot;BB&amp;quot;,&amp;quot;name&amp;quot;:&amp;quot;Barbados&amp;quot;},{&amp;quot;code&amp;quot;:&amp;quot;BY&amp;quot;,&amp;quot;name&amp;quot;:&amp;quot;Belarus&amp;quot;},{&amp;quot;code&amp;quot;:&amp;quot;BE&amp;quot;,&amp;quot;name&amp;quot;:&amp;quot;Belgium&amp;quot;},{&amp;quot;code&amp;quot;:&amp;quot;BZ&amp;quot;,&amp;quot;name&amp;quot;:&amp;quot;Belize&amp;quot;},{&amp;quot;code&amp;quot;:&amp;quot;BJ&amp;quot;,&amp;quot;name&amp;quot;:&amp;quot;Benin&amp;quot;},{&amp;quot;code&amp;quot;:&amp;quot;BM&amp;quot;,&amp;quot;name&amp;quot;:&amp;quot;Bermuda&amp;quot;},{&amp;quot;code&amp;quot;:&amp;quot;BT&amp;quot;,&amp;quot;name&amp;quot;:&amp;quot;Bhutan&amp;quot;},{&amp;quot;code&amp;quot;:&amp;quot;BO&amp;quot;,&amp;quot;name&amp;quot;:&amp;quot;Bolivia&amp;quot;},{&amp;quot;code&amp;quot;:&amp;quot;Sint Eustatius and Saba&amp;quot;,&amp;quot;name&amp;quot;:&amp;quot;Bonaire&amp;quot;},{&amp;quot;code&amp;quot;:&amp;quot;BA&amp;quot;,&amp;quot;name&amp;quot;:&amp;quot;Bosnia and Herzegovina&amp;quot;},{&amp;quot;code&amp;quot;:&amp;quot;BW&amp;quot;,&amp;quot;name&amp;quot;:&amp;quot;Botswana&amp;quot;},{&amp;quot;code&amp;quot;:&amp;quot;BV&amp;quot;,&amp;quot;name&amp;quot;:&amp;quot;Bouvet Island&amp;quot;},{&amp;quot;code&amp;quot;:&amp;quot;BR&amp;quot;,&amp;quot;name&amp;quot;:&amp;quot;Brazil&amp;quot;},{&amp;quot;code&amp;quot;:&amp;quot;IO&amp;quot;,&amp;quot;name&amp;quot;:&amp;quot;British Indian Ocean Territory&amp;quot;},{&amp;quot;code&amp;quot;:&amp;quot;BN&amp;quot;,&amp;quot;name&amp;quot;:&amp;quot;Brunei Darussalam&amp;quot;},{&amp;quot;code&amp;quot;:&amp;quot;BG&amp;quot;,&amp;quot;name&amp;quot;:&amp;quot;Bulgaria&amp;quot;},{&amp;quot;code&amp;quot;:&amp;quot;BF&amp;quot;,&amp;quot;name&amp;quot;:&amp;quot;Burkina Faso&amp;quot;},{&amp;quot;code&amp;quot;:&amp;quot;BI&amp;quot;,&amp;quot;name&amp;quot;:&amp;quot;Burundi&amp;quot;},{&amp;quot;code&amp;quot;:&amp;quot;KH&amp;quot;,&amp;quot;name&amp;quot;:&amp;quot;Cambodia&amp;quot;},{&amp;quot;code&amp;quot;:&amp;quot;CM&amp;quot;,&amp;quot;name&amp;quot;:&amp;quot;Cameroon&amp;quot;},{&amp;quot;code&amp;quot;:&amp;quot;CV&amp;quot;,&amp;quot;name&amp;quot;:&amp;quot;Cape Verde&amp;quot;},{&amp;quot;code&amp;quot;:&amp;quot;KY&amp;quot;,&amp;quot;name&amp;quot;:&amp;quot;Cayman Islands&amp;quot;},{&amp;quot;code&amp;quot;:&amp;quot;CF&amp;quot;,&amp;quot;name&amp;quot;:&amp;quot;Central African Republic (CAR)&amp;quot;},{&amp;quot;code&amp;quot;:&amp;quot;TD&amp;quot;,&amp;quot;name&amp;quot;:&amp;quot;Chad&amp;quot;},{&amp;quot;code&amp;quot;:&amp;quot;CL&amp;quot;,&amp;quot;name&amp;quot;:&amp;quot;Chile&amp;quot;},{&amp;quot;code&amp;quot;:&amp;quot;CN&amp;quot;,&amp;quot;name&amp;quot;:&amp;quot;China&amp;quot;},{&amp;quot;code&amp;quot;:&amp;quot;CX&amp;quot;,&amp;quot;name&amp;quot;:&amp;quot;Christmas Island&amp;quot;},{&amp;quot;code&amp;quot;:&amp;quot;CC&amp;quot;,&amp;quot;name&amp;quot;:&amp;quot;Cocos (Keeling) Islands&amp;quot;},{&amp;quot;code&amp;quot;:&amp;quot;CO&amp;quot;,&amp;quot;name&amp;quot;:&amp;quot;Colombia&amp;quot;},{&amp;quot;code&amp;quot;:&amp;quot;KM&amp;quot;,&amp;quot;name&amp;quot;:&amp;quot;Comoros&amp;quot;},{&amp;quot;code&amp;quot;:&amp;quot;CD&amp;quot;,&amp;quot;name&amp;quot;:&amp;quot;Congo, Democratic Republic of the&amp;quot;},{&amp;quot;code&amp;quot;:&amp;quot;CG&amp;quot;,&amp;quot;name&amp;quot;:&amp;quot;Congo, Republic of the&amp;quot;},{&amp;quot;code&amp;quot;:&amp;quot;CK&amp;quot;,&amp;quot;name&amp;quot;:&amp;quot;Cook Islands&amp;quot;},{&amp;quot;code&amp;quot;:&amp;quot;CR&amp;quot;,&amp;quot;name&amp;quot;:&amp;quot;Costa Rica&amp;quot;},{&amp;quot;code&amp;quot;:&amp;quot;CI&amp;quot;,&amp;quot;name&amp;quot;:&amp;quot;Cote d&amp;apos;Ivoire&amp;quot;},{&amp;quot;code&amp;quot;:&amp;quot;HR&amp;quot;,&amp;quot;name&amp;quot;:&amp;quot;Croatia&amp;quot;},{&amp;quot;code&amp;quot;:&amp;quot;CU&amp;quot;,&amp;quot;name&amp;quot;:&amp;quot;Cuba&amp;quot;},{&amp;quot;code&amp;quot;:&amp;quot;CY&amp;quot;,&amp;quot;name&amp;quot;:&amp;quot;Cyprus&amp;quot;},{&amp;quot;code&amp;quot;:&amp;quot;CZ&amp;quot;,&amp;quot;name&amp;quot;:&amp;quot;Czech Republic&amp;quot;},{&amp;quot;code&amp;quot;:&amp;quot;DK&amp;quot;,&amp;quot;name&amp;quot;:&amp;quot;Denmark&amp;quot;},{&amp;quot;code&amp;quot;:&amp;quot;DJ&amp;quot;,&amp;quot;name&amp;quot;:&amp;quot;Djibouti&amp;quot;},{&amp;quot;code&amp;quot;:&amp;quot;DM&amp;quot;,&amp;quot;name&amp;quot;:&amp;quot;Dominica&amp;quot;},{&amp;quot;code&amp;quot;:&amp;quot;DO&amp;quot;,&amp;quot;name&amp;quot;:&amp;quot;Dominican Republic&amp;quot;},{&amp;quot;code&amp;quot;:&amp;quot;EC&amp;quot;,&amp;quot;name&amp;quot;:&amp;quot;Ecuador&amp;quot;},{&amp;quot;code&amp;quot;:&amp;quot;EG&amp;quot;,&amp;quot;name&amp;quot;:&amp;quot;Egypt&amp;quot;},{&amp;quot;code&amp;quot;:&amp;quot;SV&amp;quot;,&amp;quot;name&amp;quot;:&amp;quot;El Salvador&amp;quot;},{&amp;quot;code&amp;quot;:&amp;quot;GQ&amp;quot;,&amp;quot;name&amp;quot;:&amp;quot;Equatorial Guinea&amp;quot;},{&amp;quot;code&amp;quot;:&amp;quot;ER&amp;quot;,&amp;quot;name&amp;quot;:&amp;quot;Eritrea&amp;quot;},{&amp;quot;code&amp;quot;:&amp;quot;EE&amp;quot;,&amp;quot;name&amp;quot;:&amp;quot;Estonia&amp;quot;},{&amp;quot;code&amp;quot;:&amp;quot;SZ&amp;quot;,&amp;quot;name&amp;quot;:&amp;quot;Eswatini&amp;quot;},{&amp;quot;code&amp;quot;:&amp;quot;ET&amp;quot;,&amp;quot;name&amp;quot;:&amp;quot;Ethiopia&amp;quot;},{&amp;quot;code&amp;quot;:&amp;quot;FK&amp;quot;,&amp;quot;name&amp;quot;:&amp;quot;Falkland Islands (Malvinas)&amp;quot;},{&amp;quot;code&amp;quot;:&amp;quot;FO&amp;quot;,&amp;quot;name&amp;quot;:&amp;quot;Faroe Islands&amp;quot;},{&amp;quot;code&amp;quot;:&amp;quot;FJ&amp;quot;,&amp;quot;name&amp;quot;:&amp;quot;Fiji&amp;quot;},{&amp;quot;code&amp;quot;:&amp;quot;FI&amp;quot;,&amp;quot;name&amp;quot;:&amp;quot;Finland&amp;quot;},{&amp;quot;code&amp;quot;:&amp;quot;FR&amp;quot;,&amp;quot;name&amp;quot;:&amp;quot;France&amp;quot;},{&amp;quot;code&amp;quot;:&amp;quot;FR&amp;quot;,&amp;quot;name&amp;quot;:&amp;quot;France Metropolitan&amp;quot;},{&amp;quot;code&amp;quot;:&amp;quot;GF&amp;quot;,&amp;quot;name&amp;quot;:&amp;quot;French Guiana&amp;quot;},{&amp;quot;code&amp;quot;:&amp;quot;PF&amp;quot;,&amp;quot;name&amp;quot;:&amp;quot;French Polynesia&amp;quot;},{&amp;quot;code&amp;quot;:&amp;quot;TF&amp;quot;,&amp;quot;name&amp;quot;:&amp;quot;French Southern Territories&amp;quot;},{&amp;quot;code&amp;quot;:&amp;quot;GA&amp;quot;,&amp;quot;name&amp;quot;:&amp;quot;Gabon&amp;quot;},{&amp;quot;code&amp;quot;:&amp;quot;GM&amp;quot;,&amp;quot;name&amp;quot;:&amp;quot;Gambia&amp;quot;},{&amp;quot;code&amp;quot;:&amp;quot;GE&amp;quot;,&amp;quot;name&amp;quot;:&amp;quot;Georgia&amp;quot;},{&amp;quot;code&amp;quot;:&amp;quot;DE&amp;quot;,&amp;quot;name&amp;quot;:&amp;quot;Germany&amp;quot;},{&amp;quot;code&amp;quot;:&amp;quot;GH&amp;quot;,&amp;quot;name&amp;quot;:&amp;quot;Ghana&amp;quot;},{&amp;quot;code&amp;quot;:&amp;quot;GI&amp;quot;,&amp;quot;name&amp;quot;:&amp;quot;Gibraltar&amp;quot;},{&amp;quot;code&amp;quot;:&amp;quot;GR&amp;quot;,&amp;quot;name&amp;quot;:&amp;quot;Greece&amp;quot;},{&amp;quot;code&amp;quot;:&amp;quot;GL&amp;quot;,&amp;quot;name&amp;quot;:&amp;quot;Greenland&amp;quot;},{&amp;quot;code&amp;quot;:&amp;quot;GD&amp;quot;,&amp;quot;name&amp;quot;:&amp;quot;Grenada&amp;quot;},{&amp;quot;code&amp;quot;:&amp;quot;GP&amp;quot;,&amp;quot;name&amp;quot;:&amp;quot;Guadeloupe&amp;quot;},{&amp;quot;code&amp;quot;:&amp;quot;GU&amp;quot;,&amp;quot;name&amp;quot;:&amp;quot;Guam&amp;quot;},{&amp;quot;code&amp;quot;:&amp;quot;GT&amp;quot;,&amp;quot;name&amp;quot;:&amp;quot;Guatemala&amp;quot;},{&amp;quot;code&amp;quot;:&amp;quot;GG&amp;quot;,&amp;quot;name&amp;quot;:&amp;quot;Guernsey&amp;quot;},{&amp;quot;code&amp;quot;:&amp;quot;GN&amp;quot;,&amp;quot;name&amp;quot;:&amp;quot;Guinea&amp;quot;},{&amp;quot;code&amp;quot;:&amp;quot;GW&amp;quot;,&amp;quot;name&amp;quot;:&amp;quot;Guinea-Bissau&amp;quot;},{&amp;quot;code&amp;quot;:&amp;quot;GY&amp;quot;,&amp;quot;name&amp;quot;:&amp;quot;Guyana&amp;quot;},{&amp;quot;code&amp;quot;:&amp;quot;HT&amp;quot;,&amp;quot;name&amp;quot;:&amp;quot;Haiti&amp;quot;},{&amp;quot;code&amp;quot;:&amp;quot;HM&amp;quot;,&amp;quot;name&amp;quot;:&amp;quot;Heard Island and McDonald Islands&amp;quot;},{&amp;quot;code&amp;quot;:&amp;quot;VA&amp;quot;,&amp;quot;name&amp;quot;:&amp;quot;Holy See (Vatican City State)&amp;quot;},{&amp;quot;code&amp;quot;:&amp;quot;HN&amp;quot;,&amp;quot;name&amp;quot;:&amp;quot;Honduras&amp;quot;},{&amp;quot;code&amp;quot;:&amp;quot;HK&amp;quot;,&amp;quot;name&amp;quot;:&amp;quot;Hong Kong&amp;quot;},{&amp;quot;code&amp;quot;:&amp;quot;HU&amp;quot;,&amp;quot;name&amp;quot;:&amp;quot;Hungary&amp;quot;},{&amp;quot;code&amp;quot;:&amp;quot;IS&amp;quot;,&amp;quot;name&amp;quot;:&amp;quot;Iceland&amp;quot;},{&amp;quot;code&amp;quot;:&amp;quot;ID&amp;quot;,&amp;quot;name&amp;quot;:&amp;quot;Indonesia&amp;quot;},{&amp;quot;code&amp;quot;:&amp;quot;IR&amp;quot;,&amp;quot;name&amp;quot;:&amp;quot;Iran&amp;quot;},{&amp;quot;code&amp;quot;:&amp;quot;IQ&amp;quot;,&amp;quot;name&amp;quot;:&amp;quot;Iraq&amp;quot;},{&amp;quot;code&amp;quot;:&amp;quot;IE&amp;quot;,&amp;quot;name&amp;quot;:&amp;quot;Ireland&amp;quot;},{&amp;quot;code&amp;quot;:&amp;quot;IM&amp;quot;,&amp;quot;name&amp;quot;:&amp;quot;Isle of Man&amp;quot;},{&amp;quot;code&amp;quot;:&amp;quot;IL&amp;quot;,&amp;quot;name&amp;quot;:&amp;quot;Israel&amp;quot;},{&amp;quot;code&amp;quot;:&amp;quot;IT&amp;quot;,&amp;quot;name&amp;quot;:&amp;quot;Italy&amp;quot;},{&amp;quot;code&amp;quot;:&amp;quot;JM&amp;quot;,&amp;quot;name&amp;quot;:&amp;quot;Jamaica&amp;quot;},{&amp;quot;code&amp;quot;:&amp;quot;JP&amp;quot;,&amp;quot;name&amp;quot;:&amp;quot;Japan&amp;quot;},{&amp;quot;code&amp;quot;:&amp;quot;JE&amp;quot;,&amp;quot;name&amp;quot;:&amp;quot;Jersey&amp;quot;},{&amp;quot;code&amp;quot;:&amp;quot;JO&amp;quot;,&amp;quot;name&amp;quot;:&amp;quot;Jordan&amp;quot;},{&amp;quot;code&amp;quot;:&amp;quot;KZ&amp;quot;,&amp;quot;name&amp;quot;:&amp;quot;Kazakhstan&amp;quot;},{&amp;quot;code&amp;quot;:&amp;quot;KE&amp;quot;,&amp;quot;name&amp;quot;:&amp;quot;Kenya&amp;quot;},{&amp;quot;code&amp;quot;:&amp;quot;KI&amp;quot;,&amp;quot;name&amp;quot;:&amp;quot;Kiribati&amp;quot;},{&amp;quot;code&amp;quot;:&amp;quot;KP&amp;quot;,&amp;quot;name&amp;quot;:&amp;quot;Korea, Democratic People&amp;apos;s Republic of&amp;quot;},{&amp;quot;code&amp;quot;:&amp;quot;KR&amp;quot;,&amp;quot;name&amp;quot;:&amp;quot;Korea, Republic of&amp;quot;},{&amp;quot;code&amp;quot;:&amp;quot;KG&amp;quot;,&amp;quot;name&amp;quot;:&amp;quot;Kyrgyzstan&amp;quot;},{&amp;quot;code&amp;quot;:&amp;quot;LA&amp;quot;,&amp;quot;name&amp;quot;:&amp;quot;Lao People&amp;apos;s Democratic Republic&amp;quot;},{&amp;quot;code&amp;quot;:&amp;quot;LV&amp;quot;,&amp;quot;name&amp;quot;:&amp;quot;Latvia&amp;quot;},{&amp;quot;code&amp;quot;:&amp;quot;LB&amp;quot;,&amp;quot;name&amp;quot;:&amp;quot;Lebanon&amp;quot;},{&amp;quot;code&amp;quot;:&amp;quot;LS&amp;quot;,&amp;quot;name&amp;quot;:&amp;quot;Lesotho&amp;quot;},{&amp;quot;code&amp;quot;:&amp;quot;LR&amp;quot;,&amp;quot;name&amp;quot;:&amp;quot;Liberia&amp;quot;},{&amp;quot;code&amp;quot;:&amp;quot;LY&amp;quot;,&amp;quot;name&amp;quot;:&amp;quot;Libya&amp;quot;},{&amp;quot;code&amp;quot;:&amp;quot;LI&amp;quot;,&amp;quot;name&amp;quot;:&amp;quot;Liechtenstein&amp;quot;},{&amp;quot;code&amp;quot;:&amp;quot;LT&amp;quot;,&amp;quot;name&amp;quot;:&amp;quot;Lithuania&amp;quot;},{&amp;quot;code&amp;quot;:&amp;quot;LU&amp;quot;,&amp;quot;name&amp;quot;:&amp;quot;Luxembourg&amp;quot;},{&amp;quot;code&amp;quot;:&amp;quot;MO&amp;quot;,&amp;quot;name&amp;quot;:&amp;quot;Macau&amp;quot;},{&amp;quot;code&amp;quot;:&amp;quot;the Former Yugoslav Republic of&amp;quot;,&amp;quot;name&amp;quot;:&amp;quot;Macedonia&amp;quot;},{&amp;quot;code&amp;quot;:&amp;quot;MG&amp;quot;,&amp;quot;name&amp;quot;:&amp;quot;Madagascar&amp;quot;},{&amp;quot;code&amp;quot;:&amp;quot;MW&amp;quot;,&amp;quot;name&amp;quot;:&amp;quot;Malawi&amp;quot;},{&amp;quot;code&amp;quot;:&amp;quot;MY&amp;quot;,&amp;quot;name&amp;quot;:&amp;quot;Malaysia&amp;quot;},{&amp;quot;code&amp;quot;:&amp;quot;MV&amp;quot;,&amp;quot;name&amp;quot;:&amp;quot;Maldives&amp;quot;},{&amp;quot;code&amp;quot;:&amp;quot;ML&amp;quot;,&amp;quot;name&amp;quot;:&amp;quot;Mali&amp;quot;},{&amp;quot;code&amp;quot;:&amp;quot;MT&amp;quot;,&amp;quot;name&amp;quot;:&amp;quot;Malta&amp;quot;},{&amp;quot;code&amp;quot;:&amp;quot;MH&amp;quot;,&amp;quot;name&amp;quot;:&amp;quot;Marshall Islands&amp;quot;},{&amp;quot;code&amp;quot;:&amp;quot;MQ&amp;quot;,&amp;quot;name&amp;quot;:&amp;quot;Martinique&amp;quot;},{&amp;quot;code&amp;quot;:&amp;quot;MR&amp;quot;,&amp;quot;name&amp;quot;:&amp;quot;Mauritania&amp;quot;},{&amp;quot;code&amp;quot;:&amp;quot;MU&amp;quot;,&amp;quot;name&amp;quot;:&amp;quot;Mauritius&amp;quot;},{&amp;quot;code&amp;quot;:&amp;quot;YT&amp;quot;,&amp;quot;name&amp;quot;:&amp;quot;Mayotte&amp;quot;},{&amp;quot;code&amp;quot;:&amp;quot;MX&amp;quot;,&amp;quot;name&amp;quot;:&amp;quot;Mexico&amp;quot;},{&amp;quot;code&amp;quot;:&amp;quot;FM&amp;quot;,&amp;quot;name&amp;quot;:&amp;quot;Micronesia, Federated States of&amp;quot;},{&amp;quot;code&amp;quot;:&amp;quot;MD&amp;quot;,&amp;quot;name&amp;quot;:&amp;quot;Moldova, Republic of&amp;quot;},{&amp;quot;code&amp;quot;:&amp;quot;MC&amp;quot;,&amp;quot;name&amp;quot;:&amp;quot;Monaco&amp;quot;},{&amp;quot;code&amp;quot;:&amp;quot;MN&amp;quot;,&amp;quot;name&amp;quot;:&amp;quot;Mongolia&amp;quot;},{&amp;quot;code&amp;quot;:&amp;quot;ME&amp;quot;,&amp;quot;name&amp;quot;:&amp;quot;Montenegro&amp;quot;},{&amp;quot;code&amp;quot;:&amp;quot;MS&amp;quot;,&amp;quot;name&amp;quot;:&amp;quot;Montserrat&amp;quot;},{&amp;quot;code&amp;quot;:&amp;quot;MA&amp;quot;,&amp;quot;name&amp;quot;:&amp;quot;Morocco&amp;quot;},{&amp;quot;code&amp;quot;:&amp;quot;MZ&amp;quot;,&amp;quot;name&amp;quot;:&amp;quot;Mozambique&amp;quot;},{&amp;quot;code&amp;quot;:&amp;quot;MM&amp;quot;,&amp;quot;name&amp;quot;:&amp;quot;Myanmar&amp;quot;},{&amp;quot;code&amp;quot;:&amp;quot;NA&amp;quot;,&amp;quot;name&amp;quot;:&amp;quot;Namibia&amp;quot;},{&amp;quot;code&amp;quot;:&amp;quot;NR&amp;quot;,&amp;quot;name&amp;quot;:&amp;quot;Nauru&amp;quot;},{&amp;quot;code&amp;quot;:&amp;quot;NP&amp;quot;,&amp;quot;name&amp;quot;:&amp;quot;Nepal&amp;quot;},{&amp;quot;code&amp;quot;:&amp;quot;NL&amp;quot;,&amp;quot;name&amp;quot;:&amp;quot;Netherlands&amp;quot;},{&amp;quot;code&amp;quot;:&amp;quot;AN&amp;quot;,&amp;quot;name&amp;quot;:&amp;quot;Netherlands Antilles&amp;quot;},{&amp;quot;code&amp;quot;:&amp;quot;NC&amp;quot;,&amp;quot;name&amp;quot;:&amp;quot;New Caledonia&amp;quot;},{&amp;quot;code&amp;quot;:&amp;quot;NZ&amp;quot;,&amp;quot;name&amp;quot;:&amp;quot;New Zealand&amp;quot;},{&amp;quot;code&amp;quot;:&amp;quot;NI&amp;quot;,&amp;quot;name&amp;quot;:&amp;quot;Nicaragua&amp;quot;},{&amp;quot;code&amp;quot;:&amp;quot;NE&amp;quot;,&amp;quot;name&amp;quot;:&amp;quot;Niger&amp;quot;},{&amp;quot;code&amp;quot;:&amp;quot;NG&amp;quot;,&amp;quot;name&amp;quot;:&amp;quot;Nigeria&amp;quot;},{&amp;quot;code&amp;quot;:&amp;quot;NU&amp;quot;,&amp;quot;name&amp;quot;:&amp;quot;Niue&amp;quot;},{&amp;quot;code&amp;quot;:&amp;quot;NF&amp;quot;,&amp;quot;name&amp;quot;:&amp;quot;Norfolk Island&amp;quot;},{&amp;quot;code&amp;quot;:&amp;quot;MP&amp;quot;,&amp;quot;name&amp;quot;:&amp;quot;Northern Mariana Islands&amp;quot;},{&amp;quot;code&amp;quot;:&amp;quot;NO&amp;quot;,&amp;quot;name&amp;quot;:&amp;quot;Norway&amp;quot;},{&amp;quot;code&amp;quot;:&amp;quot;PK&amp;quot;,&amp;quot;name&amp;quot;:&amp;quot;Pakistan&amp;quot;},{&amp;quot;code&amp;quot;:&amp;quot;PW&amp;quot;,&amp;quot;name&amp;quot;:&amp;quot;Palau&amp;quot;},{&amp;quot;code&amp;quot;:&amp;quot;PS&amp;quot;,&amp;quot;name&amp;quot;:&amp;quot;Palestine&amp;quot;},{&amp;quot;code&amp;quot;:&amp;quot;PS&amp;quot;,&amp;quot;name&amp;quot;:&amp;quot;Palestinian Territory&amp;quot;},{&amp;quot;code&amp;quot;:&amp;quot;PA&amp;quot;,&amp;quot;name&amp;quot;:&amp;quot;Panama&amp;quot;},{&amp;quot;code&amp;quot;:&amp;quot;PG&amp;quot;,&amp;quot;name&amp;quot;:&amp;quot;Papua New Guinea&amp;quot;},{&amp;quot;code&amp;quot;:&amp;quot;PY&amp;quot;,&amp;quot;name&amp;quot;:&amp;quot;Paraguay&amp;quot;},{&amp;quot;code&amp;quot;:&amp;quot;PE&amp;quot;,&amp;quot;name&amp;quot;:&amp;quot;Peru&amp;quot;},{&amp;quot;code&amp;quot;:&amp;quot;PH&amp;quot;,&amp;quot;name&amp;quot;:&amp;quot;Philippines&amp;quot;},{&amp;quot;code&amp;quot;:&amp;quot;PN&amp;quot;,&amp;quot;name&amp;quot;:&amp;quot;Pitcairn Islands&amp;quot;},{&amp;quot;code&amp;quot;:&amp;quot;PL&amp;quot;,&amp;quot;name&amp;quot;:&amp;quot;Poland&amp;quot;},{&amp;quot;code&amp;quot;:&amp;quot;PT&amp;quot;,&amp;quot;name&amp;quot;:&amp;quot;Portugal&amp;quot;},{&amp;quot;code&amp;quot;:&amp;quot;PR&amp;quot;,&amp;quot;name&amp;quot;:&amp;quot;Puerto Rico&amp;quot;},{&amp;quot;code&amp;quot;:&amp;quot;RE&amp;quot;,&amp;quot;name&amp;quot;:&amp;quot;Reunion&amp;quot;},{&amp;quot;code&amp;quot;:&amp;quot;RO&amp;quot;,&amp;quot;name&amp;quot;:&amp;quot;Romania&amp;quot;},{&amp;quot;code&amp;quot;:&amp;quot;RU&amp;quot;,&amp;quot;name&amp;quot;:&amp;quot;Russian Federation&amp;quot;},{&amp;quot;code&amp;quot;:&amp;quot;RW&amp;quot;,&amp;quot;name&amp;quot;:&amp;quot;Rwanda&amp;quot;},{&amp;quot;code&amp;quot;:&amp;quot;BL&amp;quot;,&amp;quot;name&amp;quot;:&amp;quot;Saint Barthelemy&amp;quot;},{&amp;quot;code&amp;quot;:&amp;quot;Ascension and Tristan da Cunha&amp;quot;,&amp;quot;name&amp;quot;:&amp;quot;Saint Helena&amp;quot;},{&amp;quot;code&amp;quot;:&amp;quot;KN&amp;quot;,&amp;quot;name&amp;quot;:&amp;quot;Saint Kitts and Nevis&amp;quot;},{&amp;quot;code&amp;quot;:&amp;quot;LC&amp;quot;,&amp;quot;name&amp;quot;:&amp;quot;Saint Lucia&amp;quot;},{&amp;quot;code&amp;quot;:&amp;quot;MF&amp;quot;,&amp;quot;name&amp;quot;:&amp;quot;Saint Martin&amp;quot;},{&amp;quot;code&amp;quot;:&amp;quot;PM&amp;quot;,&amp;quot;name&amp;quot;:&amp;quot;Saint Pierre and Miquelon&amp;quot;},{&amp;quot;code&amp;quot;:&amp;quot;VC&amp;quot;,&amp;quot;name&amp;quot;:&amp;quot;Saint Vincent and the Grenadines&amp;quot;},{&amp;quot;code&amp;quot;:&amp;quot;WS&amp;quot;,&amp;quot;name&amp;quot;:&amp;quot;Samoa&amp;quot;},{&amp;quot;code&amp;quot;:&amp;quot;SM&amp;quot;,&amp;quot;name&amp;quot;:&amp;quot;San Marino&amp;quot;},{&amp;quot;code&amp;quot;:&amp;quot;ST&amp;quot;,&amp;quot;name&amp;quot;:&amp;quot;Sao Tome and Principe&amp;quot;},{&amp;quot;code&amp;quot;:&amp;quot;SN&amp;quot;,&amp;quot;name&amp;quot;:&amp;quot;Senegal&amp;quot;},{&amp;quot;code&amp;quot;:&amp;quot;RS&amp;quot;,&amp;quot;name&amp;quot;:&amp;quot;Serbia&amp;quot;},{&amp;quot;code&amp;quot;:&amp;quot;SC&amp;quot;,&amp;quot;name&amp;quot;:&amp;quot;Seychelles&amp;quot;},{&amp;quot;code&amp;quot;:&amp;quot;SL&amp;quot;,&amp;quot;name&amp;quot;:&amp;quot;Sierra Leone&amp;quot;},{&amp;quot;code&amp;quot;:&amp;quot;SG&amp;quot;,&amp;quot;name&amp;quot;:&amp;quot;Singapore&amp;quot;},{&amp;quot;code&amp;quot;:&amp;quot;SK&amp;quot;,&amp;quot;name&amp;quot;:&amp;quot;Slovakia&amp;quot;},{&amp;quot;code&amp;quot;:&amp;quot;SI&amp;quot;,&amp;quot;name&amp;quot;:&amp;quot;Slovenia&amp;quot;},{&amp;quot;code&amp;quot;:&amp;quot;SB&amp;quot;,&amp;quot;name&amp;quot;:&amp;quot;Solomon Islands&amp;quot;},{&amp;quot;code&amp;quot;:&amp;quot;SO&amp;quot;,&amp;quot;name&amp;quot;:&amp;quot;Somalia&amp;quot;},{&amp;quot;code&amp;quot;:&amp;quot;ZA&amp;quot;,&amp;quot;name&amp;quot;:&amp;quot;South Africa&amp;quot;},{&amp;quot;code&amp;quot;:&amp;quot;GS&amp;quot;,&amp;quot;name&amp;quot;:&amp;quot;South Georgia and the South Sandwich Islands&amp;quot;},{&amp;quot;code&amp;quot;:&amp;quot;KR&amp;quot;,&amp;quot;name&amp;quot;:&amp;quot;South Korea&amp;quot;},{&amp;quot;code&amp;quot;:&amp;quot;SS&amp;quot;,&amp;quot;name&amp;quot;:&amp;quot;South Sudan&amp;quot;},{&amp;quot;code&amp;quot;:&amp;quot;ES&amp;quot;,&amp;quot;name&amp;quot;:&amp;quot;Spain&amp;quot;},{&amp;quot;code&amp;quot;:&amp;quot;LK&amp;quot;,&amp;quot;name&amp;quot;:&amp;quot;Sri Lanka&amp;quot;},{&amp;quot;code&amp;quot;:&amp;quot;SD&amp;quot;,&amp;quot;name&amp;quot;:&amp;quot;Sudan&amp;quot;},{&amp;quot;code&amp;quot;:&amp;quot;SR&amp;quot;,&amp;quot;name&amp;quot;:&amp;quot;Suriname&amp;quot;},{&amp;quot;code&amp;quot;:&amp;quot;SJ&amp;quot;,&amp;quot;name&amp;quot;:&amp;quot;Svalbard and Jan Mayen&amp;quot;},{&amp;quot;code&amp;quot;:&amp;quot;SE&amp;quot;,&amp;quot;name&amp;quot;:&amp;quot;Sweden&amp;quot;},{&amp;quot;code&amp;quot;:&amp;quot;CH&amp;quot;,&amp;quot;name&amp;quot;:&amp;quot;Switzerland&amp;quot;},{&amp;quot;code&amp;quot;:&amp;quot;SY&amp;quot;,&amp;quot;name&amp;quot;:&amp;quot;Syrian Arab Republic&amp;quot;},{&amp;quot;code&amp;quot;:&amp;quot;TW&amp;quot;,&amp;quot;name&amp;quot;:&amp;quot;Taiwan&amp;quot;},{&amp;quot;code&amp;quot;:&amp;quot;TJ&amp;quot;,&amp;quot;name&amp;quot;:&amp;quot;Tajikistan&amp;quot;},{&amp;quot;code&amp;quot;:&amp;quot;TZ&amp;quot;,&amp;quot;name&amp;quot;:&amp;quot;Tanzania&amp;quot;},{&amp;quot;code&amp;quot;:&amp;quot;TH&amp;quot;,&amp;quot;name&amp;quot;:&amp;quot;Thailand&amp;quot;},{&amp;quot;code&amp;quot;:&amp;quot;TL&amp;quot;,&amp;quot;name&amp;quot;:&amp;quot;Timor-Leste&amp;quot;},{&amp;quot;code&amp;quot;:&amp;quot;TG&amp;quot;,&amp;quot;name&amp;quot;:&amp;quot;Togo&amp;quot;},{&amp;quot;code&amp;quot;:&amp;quot;TK&amp;quot;,&amp;quot;name&amp;quot;:&amp;quot;Tokelau&amp;quot;},{&amp;quot;code&amp;quot;:&amp;quot;TO&amp;quot;,&amp;quot;name&amp;quot;:&amp;quot;Tonga&amp;quot;},{&amp;quot;code&amp;quot;:&amp;quot;TT&amp;quot;,&amp;quot;name&amp;quot;:&amp;quot;Trinidad and Tobago&amp;quot;},{&amp;quot;code&amp;quot;:&amp;quot;TN&amp;quot;,&amp;quot;name&amp;quot;:&amp;quot;Tunisia&amp;quot;},{&amp;quot;code&amp;quot;:&amp;quot;TR&amp;quot;,&amp;quot;name&amp;quot;:&amp;quot;Turkey&amp;quot;},{&amp;quot;code&amp;quot;:&amp;quot;TM&amp;quot;,&amp;quot;name&amp;quot;:&amp;quot;Turkmenistan&amp;quot;},{&amp;quot;code&amp;quot;:&amp;quot;TC&amp;quot;,&amp;quot;name&amp;quot;:&amp;quot;Turks and Caicos Islands&amp;quot;},{&amp;quot;code&amp;quot;:&amp;quot;TV&amp;quot;,&amp;quot;name&amp;quot;:&amp;quot;Tuvalu&amp;quot;},{&amp;quot;code&amp;quot;:&amp;quot;UG&amp;quot;,&amp;quot;name&amp;quot;:&amp;quot;Uganda&amp;quot;},{&amp;quot;code&amp;quot;:&amp;quot;UA&amp;quot;,&amp;quot;name&amp;quot;:&amp;quot;Ukraine&amp;quot;},{&amp;quot;code&amp;quot;:&amp;quot;AE&amp;quot;,&amp;quot;name&amp;quot;:&amp;quot;United Arab Emirates&amp;quot;},{&amp;quot;code&amp;quot;:&amp;quot;UM&amp;quot;,&amp;quot;name&amp;quot;:&amp;quot;United States Minor Outlying Islands&amp;quot;},{&amp;quot;code&amp;quot;:&amp;quot;US&amp;quot;,&amp;quot;name&amp;quot;:&amp;quot;United States of America&amp;quot;},{&amp;quot;code&amp;quot;:&amp;quot;UY&amp;quot;,&amp;quot;name&amp;quot;:&amp;quot;Uruguay&amp;quot;},{&amp;quot;code&amp;quot;:&amp;quot;UZ&amp;quot;,&amp;quot;name&amp;quot;:&amp;quot;Uzbekistan&amp;quot;},{&amp;quot;code&amp;quot;:&amp;quot;VU&amp;quot;,&amp;quot;name&amp;quot;:&amp;quot;Vanuatu&amp;quot;},{&amp;quot;code&amp;quot;:&amp;quot;VE&amp;quot;,&amp;quot;name&amp;quot;:&amp;quot;Venezuela&amp;quot;},{&amp;quot;code&amp;quot;:&amp;quot;VN&amp;quot;,&amp;quot;name&amp;quot;:&amp;quot;Vietnam&amp;quot;},{&amp;quot;code&amp;quot;:&amp;quot;VG&amp;quot;,&amp;quot;name&amp;quot;:&amp;quot;Virgin Islands,  British&amp;quot;},{&amp;quot;code&amp;quot;:&amp;quot;VI&amp;quot;,&amp;quot;name&amp;quot;:&amp;quot;Virgin Islands,  U.S.&amp;quot;},{&amp;quot;code&amp;quot;:&amp;quot;WF&amp;quot;,&amp;quot;name&amp;quot;:&amp;quot;Wallis and Futuna&amp;quot;},{&amp;quot;code&amp;quot;:&amp;quot;EH&amp;quot;,&amp;quot;name&amp;quot;:&amp;quot;Western Sahara&amp;quot;},{&amp;quot;code&amp;quot;:&amp;quot;YE&amp;quot;,&amp;quot;name&amp;quot;:&amp;quot;Yemen&amp;quot;},{&amp;quot;code&amp;quot;:&amp;quot;ZM&amp;quot;,&amp;quot;name&amp;quot;:&amp;quot;Zambia&amp;quot;},{&amp;quot;code&amp;quot;:&amp;quot;ZW&amp;quot;,&amp;quot;name&amp;quot;:&amp;quot;Zimbabwe&amp;quot;}],&amp;quot;setting&amp;quot;:{&amp;quot;avatar_details&amp;quot;:{&amp;quot;color_codes&amp;quot;:{&amp;quot;background&amp;quot;:&amp;quot;#80D8FF&amp;quot;,&amp;quot;chat_handle&amp;quot;:&amp;quot;#40C4FF&amp;quot;},&amp;quot;initials&amp;quot;:&amp;quot;FM&amp;quot;}}},&amp;quot;message&amp;quot;:&amp;quot;Signed up successfully&amp;quot;}
">
      <![CDATA[java.lang.AssertionError: 1 expectation failed.
Response body doesn't match expectation.
Expected: The content to match the given JSON schema.
error: object has missing required properties (["address_disabled","authtoken","available_country","available_currency","bant_answers","billing_entity","currency","email","enable_referral_code","enterprise_lead","first_name","id","last_name","message_preferences","nda_signed","organisation","origin","phone_number","pm_dashboard_token","price_multiplier","profile_image","referral_code","region","roles","running_project_count","setting","signup_stage","source","spec_call_nda_signed","sub_region","user_profiles","user_type","utm_campaign","utm_medium","utm_source"])
    level: "error"
    schema: {"loadingURI":"#","pointer":""}
    instance: {"pointer":""}
    domain: "validation"
    keyword: "required"
    required: ["address_disabled","authtoken","available_country","available_currency","bant_answers","billing_entity","currency","email","enable_referral_code","enterprise_lead","first_name","id","last_name","message_preferences","nda_signed","organisation","origin","phone_number","pm_dashboard_token","price_multiplier","profile_image","referral_code","region","roles","running_project_count","setting","signup_stage","source","spec_call_nda_signed","sub_region","user_profiles","user_type","utm_campaign","utm_medium","utm_source"]
    missing: ["address_disabled","authtoken","available_country","available_currency","bant_answers","billing_entity","currency","email","enable_referral_code","enterprise_lead","first_name","id","last_name","message_preferences","nda_signed","organisation","origin","phone_number","pm_dashboard_token","price_multiplier","profile_image","referral_code","region","roles","running_project_count","setting","signup_stage","source","spec_call_nda_signed","sub_region","user_profiles","user_type","utm_campaign","utm_medium","utm_source"]

  Actual: {"user":{"id":139658,"first_name":"Fatima","last_name":"Metz","email":"todd.dibbert@gmail.com","nda_signed":false,"source":"studio","phone_number":"+62-81288899305","signup_stage":null,"utm_source":null,"utm_campaign":null,"utm_medium":null,"pm_dashboard_token":null,"user_type":"User","origin":"staging","address_disabled":false,"organisation":null,"billing_entity":null,"bant_answers":null,"spec_call_nda_signed":null,"enterprise_lead":null,"profile_image":null,"referral_code":"C40d43a","price_multiplier":1.0,"enable_referral_code":false,"region":null,"sub_region":null,"message_preferences":null,"user_profiles":[],"authtoken":"z5WmT-djsyzLF8bzKDA-","currency":{"data":{"id":"2","type":"currency","attributes":{"id":2,"name":"US Dollars","code":"USD","exchange_rate":1.0,"multiplier":1.0,"symbol":"$","country_code":"US","default_store_promo_code":"","specing_price":250.0,"icon_image_file_url":"https://bstudio-staging.azureedge.net/alpha-stg-assets/uploads/image/file/591a9aa814c49f7f467463f7/Dollar.svg","instant_spec_price":250.0,"tax":0,"custom_prototype_price":1999.0,"post_upfront_price":500.0,"tax_type":null}}},"roles":"","running_project_count":0,"available_currency":["USD"],"available_country":[{"code":"AF","name":"Afghanistan"},{"code":"AX","name":"Aland Islands"},{"code":"AL","name":"Albania"},{"code":"DZ","name":"Algeria"},{"code":"AS","name":"American Samoa"},{"code":"AD","name":"Andorra"},{"code":"AO","name":"Angola"},{"code":"AI","name":"Anguilla"},{"code":"AQ","name":"Antarctica"},{"code":"AG","name":"Antigua and Barbuda"},{"code":"AR","name":"Argentina"},{"code":"AM","name":"Armenia"},{"code":"AW","name":"Aruba"},{"code":"AU","name":"Australia"},{"code":"AT","name":"Austria"},{"code":"AZ","name":"Azerbaijan"},{"code":"BS","name":"Bahamas"},{"code":"BH","name":"Bahrain"},{"code":"BD","name":"Bangladesh"},{"code":"BB","name":"Barbados"},{"code":"BY","name":"Belarus"},{"code":"BE","name":"Belgium"},{"code":"BZ","name":"Belize"},{"code":"BJ","name":"Benin"},{"code":"BM","name":"Bermuda"},{"code":"BT","name":"Bhutan"},{"code":"BO","name":"Bolivia"},{"code":"Sint Eustatius and Saba","name":"Bonaire"},{"code":"BA","name":"Bosnia and Herzegovina"},{"code":"BW","name":"Botswana"},{"code":"BV","name":"Bouvet Island"},{"code":"BR","name":"Brazil"},{"code":"IO","name":"British Indian Ocean Territory"},{"code":"BN","name":"Brunei Darussalam"},{"code":"BG","name":"Bulgaria"},{"code":"BF","name":"Burkina Faso"},{"code":"BI","name":"Burundi"},{"code":"KH","name":"Cambodia"},{"code":"CM","name":"Cameroon"},{"code":"CV","name":"Cape Verde"},{"code":"KY","name":"Cayman Islands"},{"code":"CF","name":"Central African Republic (CAR)"},{"code":"TD","name":"Chad"},{"code":"CL","name":"Chile"},{"code":"CN","name":"China"},{"code":"CX","name":"Christmas Island"},{"code":"CC","name":"Cocos (Keeling) Islands"},{"code":"CO","name":"Colombia"},{"code":"KM","name":"Comoros"},{"code":"CD","name":"Congo, Democratic Republic of the"},{"code":"CG","name":"Congo, Republic of the"},{"code":"CK","name":"Cook Islands"},{"code":"CR","name":"Costa Rica"},{"code":"CI","name":"Cote d'Ivoire"},{"code":"HR","name":"Croatia"},{"code":"CU","name":"Cuba"},{"code":"CY","name":"Cyprus"},{"code":"CZ","name":"Czech Republic"},{"code":"DK","name":"Denmark"},{"code":"DJ","name":"Djibouti"},{"code":"DM","name":"Dominica"},{"code":"DO","name":"Dominican Republic"},{"code":"EC","name":"Ecuador"},{"code":"EG","name":"Egypt"},{"code":"SV","name":"El Salvador"},{"code":"GQ","name":"Equatorial Guinea"},{"code":"ER","name":"Eritrea"},{"code":"EE","name":"Estonia"},{"code":"SZ","name":"Eswatini"},{"code":"ET","name":"Ethiopia"},{"code":"FK","name":"Falkland Islands (Malvinas)"},{"code":"FO","name":"Faroe Islands"},{"code":"FJ","name":"Fiji"},{"code":"FI","name":"Finland"},{"code":"FR","name":"France"},{"code":"FR","name":"France Metropolitan"},{"code":"GF","name":"French Guiana"},{"code":"PF","name":"French Polynesia"},{"code":"TF","name":"French Southern Territories"},{"code":"GA","name":"Gabon"},{"code":"GM","name":"Gambia"},{"code":"GE","name":"Georgia"},{"code":"DE","name":"Germany"},{"code":"GH","name":"Ghana"},{"code":"GI","name":"Gibraltar"},{"code":"GR","name":"Greece"},{"code":"GL","name":"Greenland"},{"code":"GD","name":"Grenada"},{"code":"GP","name":"Guadeloupe"},{"code":"GU","name":"Guam"},{"code":"GT","name":"Guatemala"},{"code":"GG","name":"Guernsey"},{"code":"GN","name":"Guinea"},{"code":"GW","name":"Guinea-Bissau"},{"code":"GY","name":"Guyana"},{"code":"HT","name":"Haiti"},{"code":"HM","name":"Heard Island and McDonald Islands"},{"code":"VA","name":"Holy See (Vatican City State)"},{"code":"HN","name":"Honduras"},{"code":"HK","name":"Hong Kong"},{"code":"HU","name":"Hungary"},{"code":"IS","name":"Iceland"},{"code":"ID","name":"Indonesia"},{"code":"IR","name":"Iran"},{"code":"IQ","name":"Iraq"},{"code":"IE","name":"Ireland"},{"code":"IM","name":"Isle of Man"},{"code":"IL","name":"Israel"},{"code":"IT","name":"Italy"},{"code":"JM","name":"Jamaica"},{"code":"JP","name":"Japan"},{"code":"JE","name":"Jersey"},{"code":"JO","name":"Jordan"},{"code":"KZ","name":"Kazakhstan"},{"code":"KE","name":"Kenya"},{"code":"KI","name":"Kiribati"},{"code":"KP","name":"Korea, Democratic People's Republic of"},{"code":"KR","name":"Korea, Republic of"},{"code":"KG","name":"Kyrgyzstan"},{"code":"LA","name":"Lao People's Democratic Republic"},{"code":"LV","name":"Latvia"},{"code":"LB","name":"Lebanon"},{"code":"LS","name":"Lesotho"},{"code":"LR","name":"Liberia"},{"code":"LY","name":"Libya"},{"code":"LI","name":"Liechtenstein"},{"code":"LT","name":"Lithuania"},{"code":"LU","name":"Luxembourg"},{"code":"MO","name":"Macau"},{"code":"the Former Yugoslav Republic of","name":"Macedonia"},{"code":"MG","name":"Madagascar"},{"code":"MW","name":"Malawi"},{"code":"MY","name":"Malaysia"},{"code":"MV","name":"Maldives"},{"code":"ML","name":"Mali"},{"code":"MT","name":"Malta"},{"code":"MH","name":"Marshall Islands"},{"code":"MQ","name":"Martinique"},{"code":"MR","name":"Mauritania"},{"code":"MU","name":"Mauritius"},{"code":"YT","name":"Mayotte"},{"code":"MX","name":"Mexico"},{"code":"FM","name":"Micronesia, Federated States of"},{"code":"MD","name":"Moldova, Republic of"},{"code":"MC","name":"Monaco"},{"code":"MN","name":"Mongolia"},{"code":"ME","name":"Montenegro"},{"code":"MS","name":"Montserrat"},{"code":"MA","name":"Morocco"},{"code":"MZ","name":"Mozambique"},{"code":"MM","name":"Myanmar"},{"code":"NA","name":"Namibia"},{"code":"NR","name":"Nauru"},{"code":"NP","name":"Nepal"},{"code":"NL","name":"Netherlands"},{"code":"AN","name":"Netherlands Antilles"},{"code":"NC","name":"New Caledonia"},{"code":"NZ","name":"New Zealand"},{"code":"NI","name":"Nicaragua"},{"code":"NE","name":"Niger"},{"code":"NG","name":"Nigeria"},{"code":"NU","name":"Niue"},{"code":"NF","name":"Norfolk Island"},{"code":"MP","name":"Northern Mariana Islands"},{"code":"NO","name":"Norway"},{"code":"PK","name":"Pakistan"},{"code":"PW","name":"Palau"},{"code":"PS","name":"Palestine"},{"code":"PS","name":"Palestinian Territory"},{"code":"PA","name":"Panama"},{"code":"PG","name":"Papua New Guinea"},{"code":"PY","name":"Paraguay"},{"code":"PE","name":"Peru"},{"code":"PH","name":"Philippines"},{"code":"PN","name":"Pitcairn Islands"},{"code":"PL","name":"Poland"},{"code":"PT","name":"Portugal"},{"code":"PR","name":"Puerto Rico"},{"code":"RE","name":"Reunion"},{"code":"RO","name":"Romania"},{"code":"RU","name":"Russian Federation"},{"code":"RW","name":"Rwanda"},{"code":"BL","name":"Saint Barthelemy"},{"code":"Ascension and Tristan da Cunha","name":"Saint Helena"},{"code":"KN","name":"Saint Kitts and Nevis"},{"code":"LC","name":"Saint Lucia"},{"code":"MF","name":"Saint Martin"},{"code":"PM","name":"Saint Pierre and Miquelon"},{"code":"VC","name":"Saint Vincent and the Grenadines"},{"code":"WS","name":"Samoa"},{"code":"SM","name":"San Marino"},{"code":"ST","name":"Sao Tome and Principe"},{"code":"SN","name":"Senegal"},{"code":"RS","name":"Serbia"},{"code":"SC","name":"Seychelles"},{"code":"SL","name":"Sierra Leone"},{"code":"SG","name":"Singapore"},{"code":"SK","name":"Slovakia"},{"code":"SI","name":"Slovenia"},{"code":"SB","name":"Solomon Islands"},{"code":"SO","name":"Somalia"},{"code":"ZA","name":"South Africa"},{"code":"GS","name":"South Georgia and the South Sandwich Islands"},{"code":"KR","name":"South Korea"},{"code":"SS","name":"South Sudan"},{"code":"ES","name":"Spain"},{"code":"LK","name":"Sri Lanka"},{"code":"SD","name":"Sudan"},{"code":"SR","name":"Suriname"},{"code":"SJ","name":"Svalbard and Jan Mayen"},{"code":"SE","name":"Sweden"},{"code":"CH","name":"Switzerland"},{"code":"SY","name":"Syrian Arab Republic"},{"code":"TW","name":"Taiwan"},{"code":"TJ","name":"Tajikistan"},{"code":"TZ","name":"Tanzania"},{"code":"TH","name":"Thailand"},{"code":"TL","name":"Timor-Leste"},{"code":"TG","name":"Togo"},{"code":"TK","name":"Tokelau"},{"code":"TO","name":"Tonga"},{"code":"TT","name":"Trinidad and Tobago"},{"code":"TN","name":"Tunisia"},{"code":"TR","name":"Turkey"},{"code":"TM","name":"Turkmenistan"},{"code":"TC","name":"Turks and Caicos Islands"},{"code":"TV","name":"Tuvalu"},{"code":"UG","name":"Uganda"},{"code":"UA","name":"Ukraine"},{"code":"AE","name":"United Arab Emirates"},{"code":"UM","name":"United States Minor Outlying Islands"},{"code":"US","name":"United States of America"},{"code":"UY","name":"Uruguay"},{"code":"UZ","name":"Uzbekistan"},{"code":"VU","name":"Vanuatu"},{"code":"VE","name":"Venezuela"},{"code":"VN","name":"Vietnam"},{"code":"VG","name":"Virgin Islands,  British"},{"code":"VI","name":"Virgin Islands,  U.S."},{"code":"WF","name":"Wallis and Futuna"},{"code":"EH","name":"Western Sahara"},{"code":"YE","name":"Yemen"},{"code":"ZM","name":"Zambia"},{"code":"ZW","name":"Zimbabwe"}],"setting":{"avatar_details":{"color_codes":{"background":"#80D8FF","chat_handle":"#40C4FF"},"initials":"FM"}}},"message":"Signed up successfully"}

at java.base/jdk.internal.reflect.NativeConstructorAccessorImpl.newInstance0(Native Method)
at java.base/jdk.internal.reflect.NativeConstructorAccessorImpl.newInstance(NativeConstructorAccessorImpl.java:77)
at java.base/jdk.internal.reflect.DelegatingConstructorAccessorImpl.newInstance(DelegatingConstructorAccessorImpl.java:45)
at java.base/java.lang.reflect.Constructor.newInstanceWithCaller(Constructor.java:499)
at java.base/java.lang.reflect.Constructor.newInstance(Constructor.java:480)
at org.codehaus.groovy.reflection.CachedConstructor.invoke(CachedConstructor.java:72)
at org.codehaus.groovy.runtime.callsite.ConstructorSite$ConstructorSiteNoUnwrapNoCoerce.callConstructor(ConstructorSite.java:105)
at org.codehaus.groovy.runtime.callsite.CallSiteArray.defaultCallConstructor(CallSiteArray.java:59)
at org.codehaus.groovy.runtime.callsite.AbstractCallSite.callConstructor(AbstractCallSite.java:263)
at org.codehaus.groovy.runtime.callsite.AbstractCallSite.callConstructor(AbstractCallSite.java:277)
at io.restassured.internal.ResponseSpecificationImpl$HamcrestAssertionClosure.validate(ResponseSpecificationImpl.groovy:493)
at io.restassured.internal.ResponseSpecificationImpl$HamcrestAssertionClosure$validate$1.call(Unknown Source)
at org.codehaus.groovy.runtime.callsite.CallSiteArray.defaultCall(CallSiteArray.java:47)
at org.codehaus.groovy.runtime.callsite.AbstractCallSite.call(AbstractCallSite.java:125)
at org.codehaus.groovy.runtime.callsite.AbstractCallSite.call(AbstractCallSite.java:139)
at io.restassured.internal.ResponseSpecificationImpl.validateResponseIfRequired(ResponseSpecificationImpl.groovy:674)
at java.base/jdk.internal.reflect.NativeMethodAccessorImpl.invoke0(Native Method)
at java.base/jdk.internal.reflect.NativeMethodAccessorImpl.invoke(NativeMethodAccessorImpl.java:77)
at java.base/jdk.internal.reflect.DelegatingMethodAccessorImpl.invoke(DelegatingMethodAccessorImpl.java:43)
at java.base/java.lang.reflect.Method.invoke(Method.java:568)
at org.codehaus.groovy.runtime.callsite.PlainObjectMetaMethodSite.doInvoke(PlainObjectMetaMethodSite.java:43)
at org.codehaus.groovy.runtime.callsite.PogoMetaMethodSite$PogoCachedMethodSiteNoUnwrapNoCoerce.invoke(PogoMetaMethodSite.java:193)
at org.codehaus.groovy.runtime.callsite.PogoMetaMethodSite.callCurrent(PogoMetaMethodSite.java:61)
at org.codehaus.groovy.runtime.callsite.CallSiteArray.defaultCallCurrent(CallSiteArray.java:51)
at org.codehaus.groovy.runtime.callsite.AbstractCallSite.callCurrent(AbstractCallSite.java:171)
at org.codehaus.groovy.runtime.callsite.AbstractCallSite.callCurrent(AbstractCallSite.java:185)
at io.restassured.internal.ResponseSpecificationImpl.body(ResponseSpecificationImpl.groovy:98)
at io.restassured.internal.ValidatableResponseOptionsImpl.body(ValidatableResponseOptionsImpl.java:238)
at io.restassured.internal.ValidatableResponseImpl.super$2$body(ValidatableResponseImpl.groovy)
at java.base/jdk.internal.reflect.NativeMethodAccessorImpl.invoke0(Native Method)
at java.base/jdk.internal.reflect.NativeMethodAccessorImpl.invoke(NativeMethodAccessorImpl.java:77)
at java.base/jdk.internal.reflect.DelegatingMethodAccessorImpl.invoke(DelegatingMethodAccessorImpl.java:43)
at java.base/java.lang.reflect.Method.invoke(Method.java:568)
at org.codehaus.groovy.reflection.CachedMethod.invoke(CachedMethod.java:107)
at groovy.lang.MetaMethod.doMethodInvoke(MetaMethod.java:323)
at groovy.lang.MetaClassImpl.invokeMethod(MetaClassImpl.java:1268)
at org.codehaus.groovy.runtime.ScriptBytecodeAdapter.invokeMethodOnSuperN(ScriptBytecodeAdapter.java:144)
at io.restassured.internal.ValidatableResponseImpl.body(ValidatableResponseImpl.groovy:293)
at io.restassured.internal.ValidatableResponseImpl.body(ValidatableResponseImpl.groovy)
at qaautomation.stagingengineerai.APITest.signupAPI(APITest.java:38)
at java.base/jdk.internal.reflect.NativeMethodAccessorImpl.invoke0(Native Method)
at java.base/jdk.internal.reflect.NativeMethodAccessorImpl.invoke(NativeMethodAccessorImpl.java:77)
at java.base/jdk.internal.reflect.DelegatingMethodAccessorImpl.invoke(DelegatingMethodAccessorImpl.java:43)
at java.base/java.lang.reflect.Method.invoke(Method.java:568)
at org.testng.internal.MethodInvocationHelper.invokeMethod(MethodInvocationHelper.java:124)
at org.testng.internal.Invoker.invokeMethod(Invoker.java:583)
at org.testng.internal.Invoker.invokeTestMethod(Invoker.java:719)
at org.testng.internal.Invoker.invokeTestMethods(Invoker.java:989)
at org.testng.internal.TestMethodWorker.invokeTestMethods(TestMethodWorker.java:125)
at org.testng.internal.TestMethodWorker.run(TestMethodWorker.java:109)
at org.testng.TestRunner.privateRun(TestRunner.java:648)
at org.testng.TestRunner.run(TestRunner.java:505)
at org.testng.SuiteRunner.runTest(SuiteRunner.java:455)
at org.testng.SuiteRunner.runSequentially(SuiteRunner.java:450)
at org.testng.SuiteRunner.privateRun(SuiteRunner.java:415)
at org.testng.SuiteRunner.run(SuiteRunner.java:364)
at org.testng.SuiteRunnerWorker.runSuite(SuiteRunnerWorker.java:52)
at org.testng.SuiteRunnerWorker.run(SuiteRunnerWorker.java:84)
at org.testng.TestNG.runSuitesSequentially(TestNG.java:1208)
at org.testng.TestNG.runSuitesLocally(TestNG.java:1137)
at org.testng.TestNG.runSuites(TestNG.java:1049)
at org.testng.TestNG.run(TestNG.java:1017)
at org.testng.remote.AbstractRemoteTestNG.run(AbstractRemoteTestNG.java:115)
at org.testng.remote.RemoteTestNG.initAndRun(RemoteTestNG.java:251)
at org.testng.remote.RemoteTestNG.main(RemoteTestNG.java:77)
]]>
    </failure>
  </testcase> <!-- signupAPI -->
</testsuite> <!-- Default test -->
